This file contains any messages produced by compilers while
running configure, to aid debugging if configure makes a mistake.

It was created by libmodbus configure 3.1.11, which was
generated by GNU Autoconf 2.72.  Invocation command line was

  $ ./configure --host=arm-none-linux-gnueabihf CC=/home/mtam/tamvm/SDK_rk3506/rk3506_linux6.1_rkr4_v1/prebuilts/gcc/linux-x86/arm/gcc-arm-10.3-2021.07-x86_64-arm-none-linux-gnueabihf/bin/arm-none-linux-gnueabihf-gcc --prefix=/home/mtam/tamvm/SDK_rk3506/hello/libmodbus/build --enable-static --enable-shared

## --------- ##
## Platform. ##
## --------- ##

hostname = mtam
uname -m = x86_64
uname -r = 6.14.0-36-generic
uname -s = Linux
uname -v = #36~24.04.1-Ubuntu SMP PREEMPT_DYNAMIC Wed Oct 15 15:45:17 UTC 2

/usr/bin/uname -p = x86_64
/bin/uname -X     = unknown

/bin/arch              = x86_64
/usr/bin/arch -k       = unknown
/usr/convex/getsysinfo = unknown
/usr/bin/hostinfo      = unknown
/bin/machine           = unknown
/usr/bin/oslevel       = unknown
/bin/universe          = unknown

PATH: /usr/local/sbin/
PATH: /usr/local/bin/
PATH: /usr/sbin/
PATH: /usr/bin/
PATH: /sbin/
PATH: /bin/
PATH: /usr/games/
PATH: /usr/local/games/
PATH: /snap/bin/


## ----------- ##
## Core tests. ##
## ----------- ##

configure:3012: looking for aux files: ltmain.sh config.guess config.sub compile missing install-sh
configure:3025:  trying ./build-aux/
configure:3054:   ./build-aux/ltmain.sh found
configure:3054:   ./build-aux/config.guess found
configure:3054:   ./build-aux/config.sub found
configure:3054:   ./build-aux/compile found
configure:3054:   ./build-aux/missing found
configure:3036:   ./build-aux/install-sh found
configure:3186: checking for a BSD-compatible install
configure:3260: result: /usr/bin/install -c
configure:3271: checking whether sleep supports fractional seconds
configure:3287: result: yes
configure:3290: checking filesystem timestamp resolution
configure:3425: result: 0.01
configure:3430: checking whether build environment is sane
configure:3471: result: yes
configure:3537: checking for arm-none-linux-gnueabihf-strip
configure:3573: result: no
configure:3583: checking for strip
configure:3604: found /usr/bin/strip
configure:3616: result: strip
configure:3642: checking for a race-free mkdir -p
configure:3685: result: /usr/bin/mkdir -p
configure:3692: checking for gawk
configure:3728: result: no
configure:3692: checking for mawk
configure:3713: found /usr/bin/mawk
configure:3725: result: mawk
configure:3736: checking whether make sets $(MAKE)
configure:3760: result: yes
configure:3786: checking whether make supports nested variables
configure:3805: result: yes
configure:3819: checking xargs -n works
configure:3835: result: yes
configure:3910: checking how to create a pax tar archive
configure:3921: tar --version
tar (GNU tar) 1.35
Copyright (C) 2023 Free Software Foundation, Inc.
License GPLv3+: GNU GPL version 3 or later <https://gnu.org/licenses/gpl.html>.
This is free software: you are free to change and redistribute it.
There is NO WARRANTY, to the extent permitted by law.

Written by John Gilmore and Jay Fenlason.
configure:3924: $? = 0
configure:3964: tardir=conftest.dir && eval tar --format=posix -chf - "$tardir" >conftest.tar
configure:3967: $? = 0
configure:3971: tar -xf - <conftest.tar
configure:3974: $? = 0
configure:3976: cat conftest.dir/file
GrepMe
configure:3979: $? = 0
configure:3994: result: gnutar
configure:4037: checking for arm-none-linux-gnueabihf-gcc
configure:4070: result: /home/mtam/tamvm/SDK_rk3506/rk3506_linux6.1_rkr4_v1/prebuilts/gcc/linux-x86/arm/gcc-arm-10.3-2021.07-x86_64-arm-none-linux-gnueabihf/bin/arm-none-linux-gnueabihf-gcc
configure:4475: checking for C compiler version
configure:4484: /home/mtam/tamvm/SDK_rk3506/rk3506_linux6.1_rkr4_v1/prebuilts/gcc/linux-x86/arm/gcc-arm-10.3-2021.07-x86_64-arm-none-linux-gnueabihf/bin/arm-none-linux-gnueabihf-gcc --version >&5
arm-none-linux-gnueabihf-gcc (GNU Toolchain for the A-profile Architecture 10.3-2021.07 (arm-10.29)) 10.3.1 20210621
Copyright (C) 2020 Free Software Foundation, Inc.
This is free software; see the source for copying conditions.  There is NO
warranty; not even for MERCHANTABILITY or FITNESS FOR A PARTICULAR PURPOSE.

configure:4495: $? = 0
configure:4484: /home/mtam/tamvm/SDK_rk3506/rk3506_linux6.1_rkr4_v1/prebuilts/gcc/linux-x86/arm/gcc-arm-10.3-2021.07-x86_64-arm-none-linux-gnueabihf/bin/arm-none-linux-gnueabihf-gcc -v >&5
Using built-in specs.
COLLECT_GCC=/home/mtam/tamvm/SDK_rk3506/rk3506_linux6.1_rkr4_v1/prebuilts/gcc/linux-x86/arm/gcc-arm-10.3-2021.07-x86_64-arm-none-linux-gnueabihf/bin/arm-none-linux-gnueabihf-gcc
COLLECT_LTO_WRAPPER=/home/mtam/tamvm/SDK_rk3506/rk3506_linux6.1_rkr4_v1/prebuilts/gcc/linux-x86/arm/gcc-arm-10.3-2021.07-x86_64-arm-none-linux-gnueabihf/bin/../libexec/gcc/arm-none-linux-gnueabihf/10.3.1/lto-wrapper
Target: arm-none-linux-gnueabihf
Configured with: /data/jenkins/workspace/GNU-toolchain/arm-10/src/gcc/configure --target=arm-none-linux-gnueabihf --prefix= --with-sysroot=/arm-none-linux-gnueabihf/libc --with-build-sysroot=/data/jenkins/workspace/GNU-toolchain/arm-10/build-arm-none-linux-gnueabihf/install//arm-none-linux-gnueabihf/libc --with-bugurl=https://bugs.linaro.org/ --enable-gnu-indirect-function --enable-shared --disable-libssp --disable-libmudflap --enable-checking=release --enable-languages=c,c++,fortran --with-gmp=/data/jenkins/workspace/GNU-toolchain/arm-10/build-arm-none-linux-gnueabihf/host-tools --with-mpfr=/data/jenkins/workspace/GNU-toolchain/arm-10/build-arm-none-linux-gnueabihf/host-tools --with-mpc=/data/jenkins/workspace/GNU-toolchain/arm-10/build-arm-none-linux-gnueabihf/host-tools --with-isl=/data/jenkins/workspace/GNU-toolchain/arm-10/build-arm-none-linux-gnueabihf/host-tools --with-arch=armv7-a --with-fpu=neon --with-float=hard --with-mode=thumb --with-arch=armv7-a --with-pkgversion='GNU Toolchain for the A-profile Architecture 10.3-2021.07 (arm-10.29)'
Thread model: posix
Supported LTO compression algorithms: zlib
gcc version 10.3.1 20210621 (GNU Toolchain for the A-profile Architecture 10.3-2021.07 (arm-10.29)) 
configure:4495: $? = 0
configure:4484: /home/mtam/tamvm/SDK_rk3506/rk3506_linux6.1_rkr4_v1/prebuilts/gcc/linux-x86/arm/gcc-arm-10.3-2021.07-x86_64-arm-none-linux-gnueabihf/bin/arm-none-linux-gnueabihf-gcc -V >&5
arm-none-linux-gnueabihf-gcc: error: unrecognized command-line option '-V'
arm-none-linux-gnueabihf-gcc: fatal error: no input files
compilation terminated.
configure:4495: $? = 1
configure:4484: /home/mtam/tamvm/SDK_rk3506/rk3506_linux6.1_rkr4_v1/prebuilts/gcc/linux-x86/arm/gcc-arm-10.3-2021.07-x86_64-arm-none-linux-gnueabihf/bin/arm-none-linux-gnueabihf-gcc -qversion >&5
arm-none-linux-gnueabihf-gcc: error: unrecognized command-line option '-qversion'; did you mean '--version'?
arm-none-linux-gnueabihf-gcc: fatal error: no input files
compilation terminated.
configure:4495: $? = 1
configure:4484: /home/mtam/tamvm/SDK_rk3506/rk3506_linux6.1_rkr4_v1/prebuilts/gcc/linux-x86/arm/gcc-arm-10.3-2021.07-x86_64-arm-none-linux-gnueabihf/bin/arm-none-linux-gnueabihf-gcc -version >&5
arm-none-linux-gnueabihf-gcc: error: unrecognized command-line option '-version'
arm-none-linux-gnueabihf-gcc: fatal error: no input files
compilation terminated.
configure:4495: $? = 1
configure:4515: checking whether the C compiler works
configure:4537: /home/mtam/tamvm/SDK_rk3506/rk3506_linux6.1_rkr4_v1/prebuilts/gcc/linux-x86/arm/gcc-arm-10.3-2021.07-x86_64-arm-none-linux-gnueabihf/bin/arm-none-linux-gnueabihf-gcc    conftest.c  >&5
configure:4541: $? = 0
configure:4592: result: yes
configure:4596: checking for C compiler default output file name
configure:4598: result: a.out
configure:4604: checking for suffix of executables
configure:4611: /home/mtam/tamvm/SDK_rk3506/rk3506_linux6.1_rkr4_v1/prebuilts/gcc/linux-x86/arm/gcc-arm-10.3-2021.07-x86_64-arm-none-linux-gnueabihf/bin/arm-none-linux-gnueabihf-gcc -o conftest    conftest.c  >&5
configure:4615: $? = 0
configure:4639: result: 
configure:4663: checking whether we are cross compiling
configure:4671: /home/mtam/tamvm/SDK_rk3506/rk3506_linux6.1_rkr4_v1/prebuilts/gcc/linux-x86/arm/gcc-arm-10.3-2021.07-x86_64-arm-none-linux-gnueabihf/bin/arm-none-linux-gnueabihf-gcc -o conftest    conftest.c  >&5
configure:4675: $? = 0
configure:4682: ./conftest
./configure: line 4684: ./conftest: cannot execute binary file: Exec format error
configure:4686: $? = 126
configure:4701: result: yes
configure:4707: checking for suffix of object files
configure:4730: /home/mtam/tamvm/SDK_rk3506/rk3506_linux6.1_rkr4_v1/prebuilts/gcc/linux-x86/arm/gcc-arm-10.3-2021.07-x86_64-arm-none-linux-gnueabihf/bin/arm-none-linux-gnueabihf-gcc -c   conftest.c >&5
configure:4734: $? = 0
configure:4758: result: o
configure:4762: checking whether the compiler supports GNU C
configure:4782: /home/mtam/tamvm/SDK_rk3506/rk3506_linux6.1_rkr4_v1/prebuilts/gcc/linux-x86/arm/gcc-arm-10.3-2021.07-x86_64-arm-none-linux-gnueabihf/bin/arm-none-linux-gnueabihf-gcc -c   conftest.c >&5
configure:4782: $? = 0
configure:4794: result: yes
configure:4805: checking whether /home/mtam/tamvm/SDK_rk3506/rk3506_linux6.1_rkr4_v1/prebuilts/gcc/linux-x86/arm/gcc-arm-10.3-2021.07-x86_64-arm-none-linux-gnueabihf/bin/arm-none-linux-gnueabihf-gcc accepts -g
configure:4826: /home/mtam/tamvm/SDK_rk3506/rk3506_linux6.1_rkr4_v1/prebuilts/gcc/linux-x86/arm/gcc-arm-10.3-2021.07-x86_64-arm-none-linux-gnueabihf/bin/arm-none-linux-gnueabihf-gcc -c -g  conftest.c >&5
configure:4826: $? = 0
configure:4873: result: yes
configure:4893: checking for /home/mtam/tamvm/SDK_rk3506/rk3506_linux6.1_rkr4_v1/prebuilts/gcc/linux-x86/arm/gcc-arm-10.3-2021.07-x86_64-arm-none-linux-gnueabihf/bin/arm-none-linux-gnueabihf-gcc option to enable C11 features
configure:4908: /home/mtam/tamvm/SDK_rk3506/rk3506_linux6.1_rkr4_v1/prebuilts/gcc/linux-x86/arm/gcc-arm-10.3-2021.07-x86_64-arm-none-linux-gnueabihf/bin/arm-none-linux-gnueabihf-gcc  -c -g -O2  conftest.c >&5
configure:4908: $? = 0
configure:4927: result: none needed
configure:5051: checking whether /home/mtam/tamvm/SDK_rk3506/rk3506_linux6.1_rkr4_v1/prebuilts/gcc/linux-x86/arm/gcc-arm-10.3-2021.07-x86_64-arm-none-linux-gnueabihf/bin/arm-none-linux-gnueabihf-gcc understands -c and -o together
configure:5074: /home/mtam/tamvm/SDK_rk3506/rk3506_linux6.1_rkr4_v1/prebuilts/gcc/linux-x86/arm/gcc-arm-10.3-2021.07-x86_64-arm-none-linux-gnueabihf/bin/arm-none-linux-gnueabihf-gcc -c conftest.c -o conftest2.o
configure:5077: $? = 0
configure:5074: /home/mtam/tamvm/SDK_rk3506/rk3506_linux6.1_rkr4_v1/prebuilts/gcc/linux-x86/arm/gcc-arm-10.3-2021.07-x86_64-arm-none-linux-gnueabihf/bin/arm-none-linux-gnueabihf-gcc -c conftest.c -o conftest2.o
configure:5077: $? = 0
configure:5090: result: yes
configure:5110: checking whether make supports the include directive
configure:5125: make -f confmf.GNU && cat confinc.out
this is the am__doit target
configure:5128: $? = 0
configure:5147: result: yes (GNU style)
configure:5173: checking dependency style of /home/mtam/tamvm/SDK_rk3506/rk3506_linux6.1_rkr4_v1/prebuilts/gcc/linux-x86/arm/gcc-arm-10.3-2021.07-x86_64-arm-none-linux-gnueabihf/bin/arm-none-linux-gnueabihf-gcc
configure:5286: result: gcc3
configure:5306: checking for stdio.h
configure:5306: /home/mtam/tamvm/SDK_rk3506/rk3506_linux6.1_rkr4_v1/prebuilts/gcc/linux-x86/arm/gcc-arm-10.3-2021.07-x86_64-arm-none-linux-gnueabihf/bin/arm-none-linux-gnueabihf-gcc -c -g -O2  conftest.c >&5
configure:5306: $? = 0
configure:5306: result: yes
configure:5306: checking for stdlib.h
configure:5306: /home/mtam/tamvm/SDK_rk3506/rk3506_linux6.1_rkr4_v1/prebuilts/gcc/linux-x86/arm/gcc-arm-10.3-2021.07-x86_64-arm-none-linux-gnueabihf/bin/arm-none-linux-gnueabihf-gcc -c -g -O2  conftest.c >&5
configure:5306: $? = 0
configure:5306: result: yes
configure:5306: checking for string.h
configure:5306: /home/mtam/tamvm/SDK_rk3506/rk3506_linux6.1_rkr4_v1/prebuilts/gcc/linux-x86/arm/gcc-arm-10.3-2021.07-x86_64-arm-none-linux-gnueabihf/bin/arm-none-linux-gnueabihf-gcc -c -g -O2  conftest.c >&5
configure:5306: $? = 0
configure:5306: result: yes
configure:5306: checking for inttypes.h
configure:5306: /home/mtam/tamvm/SDK_rk3506/rk3506_linux6.1_rkr4_v1/prebuilts/gcc/linux-x86/arm/gcc-arm-10.3-2021.07-x86_64-arm-none-linux-gnueabihf/bin/arm-none-linux-gnueabihf-gcc -c -g -O2  conftest.c >&5
configure:5306: $? = 0
configure:5306: result: yes
configure:5306: checking for stdint.h
configure:5306: /home/mtam/tamvm/SDK_rk3506/rk3506_linux6.1_rkr4_v1/prebuilts/gcc/linux-x86/arm/gcc-arm-10.3-2021.07-x86_64-arm-none-linux-gnueabihf/bin/arm-none-linux-gnueabihf-gcc -c -g -O2  conftest.c >&5
configure:5306: $? = 0
configure:5306: result: yes
configure:5306: checking for strings.h
configure:5306: /home/mtam/tamvm/SDK_rk3506/rk3506_linux6.1_rkr4_v1/prebuilts/gcc/linux-x86/arm/gcc-arm-10.3-2021.07-x86_64-arm-none-linux-gnueabihf/bin/arm-none-linux-gnueabihf-gcc -c -g -O2  conftest.c >&5
configure:5306: $? = 0
configure:5306: result: yes
configure:5306: checking for sys/stat.h
configure:5306: /home/mtam/tamvm/SDK_rk3506/rk3506_linux6.1_rkr4_v1/prebuilts/gcc/linux-x86/arm/gcc-arm-10.3-2021.07-x86_64-arm-none-linux-gnueabihf/bin/arm-none-linux-gnueabihf-gcc -c -g -O2  conftest.c >&5
configure:5306: $? = 0
configure:5306: result: yes
configure:5306: checking for sys/types.h
configure:5306: /home/mtam/tamvm/SDK_rk3506/rk3506_linux6.1_rkr4_v1/prebuilts/gcc/linux-x86/arm/gcc-arm-10.3-2021.07-x86_64-arm-none-linux-gnueabihf/bin/arm-none-linux-gnueabihf-gcc -c -g -O2  conftest.c >&5
configure:5306: $? = 0
configure:5306: result: yes
configure:5306: checking for unistd.h
configure:5306: /home/mtam/tamvm/SDK_rk3506/rk3506_linux6.1_rkr4_v1/prebuilts/gcc/linux-x86/arm/gcc-arm-10.3-2021.07-x86_64-arm-none-linux-gnueabihf/bin/arm-none-linux-gnueabihf-gcc -c -g -O2  conftest.c >&5
configure:5306: $? = 0
configure:5306: result: yes
configure:5306: checking for wchar.h
configure:5306: /home/mtam/tamvm/SDK_rk3506/rk3506_linux6.1_rkr4_v1/prebuilts/gcc/linux-x86/arm/gcc-arm-10.3-2021.07-x86_64-arm-none-linux-gnueabihf/bin/arm-none-linux-gnueabihf-gcc -c -g -O2  conftest.c >&5
configure:5306: $? = 0
configure:5306: result: yes
configure:5306: checking for minix/config.h
configure:5306: /home/mtam/tamvm/SDK_rk3506/rk3506_linux6.1_rkr4_v1/prebuilts/gcc/linux-x86/arm/gcc-arm-10.3-2021.07-x86_64-arm-none-linux-gnueabihf/bin/arm-none-linux-gnueabihf-gcc -c -g -O2  conftest.c >&5
conftest.c:49:10: fatal error: minix/config.h: No such file or directory
   49 | #include <minix/config.h>
      |          ^~~~~~~~~~~~~~~~
compilation terminated.
configure:5306: $? = 1
configure: failed program was:
| /* confdefs.h */
| #define PACKAGE_NAME "libmodbus"
| #define PACKAGE_TARNAME "libmodbus"
| #define PACKAGE_VERSION "3.1.11"
| #define PACKAGE_STRING "libmodbus 3.1.11"
| #define PACKAGE_BUGREPORT "https://github.com/stephane/libmodbus/issues"
| #define PACKAGE_URL "http://libmodbus.org/"
| #define PACKAGE "libmodbus"
| #define VERSION "3.1.11"
| #define HAVE_STDIO_H 1
| #define HAVE_STDLIB_H 1
| #define HAVE_STRING_H 1
| #define HAVE_INTTYPES_H 1
| #define HAVE_STDINT_H 1
| #define HAVE_STRINGS_H 1
| #define HAVE_SYS_STAT_H 1
| #define HAVE_SYS_TYPES_H 1
| #define HAVE_UNISTD_H 1
| #define HAVE_WCHAR_H 1
| /* end confdefs.h.  */
| #include <stddef.h>
| #ifdef HAVE_STDIO_H
| # include <stdio.h>
| #endif
| #ifdef HAVE_STDLIB_H
| # include <stdlib.h>
| #endif
| #ifdef HAVE_STRING_H
| # include <string.h>
| #endif
| #ifdef HAVE_INTTYPES_H
| # include <inttypes.h>
| #endif
| #ifdef HAVE_STDINT_H
| # include <stdint.h>
| #endif
| #ifdef HAVE_STRINGS_H
| # include <strings.h>
| #endif
| #ifdef HAVE_SYS_TYPES_H
| # include <sys/types.h>
| #endif
| #ifdef HAVE_SYS_STAT_H
| # include <sys/stat.h>
| #endif
| #ifdef HAVE_UNISTD_H
| # include <unistd.h>
| #endif
| #include <minix/config.h>
configure:5306: result: no
configure:5337: checking whether it is safe to define __EXTENSIONS__
configure:5356: /home/mtam/tamvm/SDK_rk3506/rk3506_linux6.1_rkr4_v1/prebuilts/gcc/linux-x86/arm/gcc-arm-10.3-2021.07-x86_64-arm-none-linux-gnueabihf/bin/arm-none-linux-gnueabihf-gcc -c -g -O2  conftest.c >&5
configure:5356: $? = 0
configure:5366: result: yes
configure:5369: checking whether _XOPEN_SOURCE should be defined
configure:5391: /home/mtam/tamvm/SDK_rk3506/rk3506_linux6.1_rkr4_v1/prebuilts/gcc/linux-x86/arm/gcc-arm-10.3-2021.07-x86_64-arm-none-linux-gnueabihf/bin/arm-none-linux-gnueabihf-gcc -c -g -O2  conftest.c >&5
configure:5391: $? = 0
configure:5420: result: no
configure:5486: checking for /home/mtam/tamvm/SDK_rk3506/rk3506_linux6.1_rkr4_v1/prebuilts/gcc/linux-x86/arm/gcc-arm-10.3-2021.07-x86_64-arm-none-linux-gnueabihf/bin/arm-none-linux-gnueabihf-gcc option to enable large file support
configure:5521: /home/mtam/tamvm/SDK_rk3506/rk3506_linux6.1_rkr4_v1/prebuilts/gcc/linux-x86/arm/gcc-arm-10.3-2021.07-x86_64-arm-none-linux-gnueabihf/bin/arm-none-linux-gnueabihf-gcc -c -g -O2  conftest.c >&5
conftest.c:47:39: warning: result of '-2147483648 << 31' requires 63 bits to represent, but 'long int' only has 32 bits [-Wshift-overflow=]
   47 | #define LARGE_FTYPE (((FTYPE) 1 << 31 << 31) - 1 + ((FTYPE) 1 << 31 << 31))
      |                                       ^~
conftest.c:48:23: note: in expansion of macro 'LARGE_FTYPE'
   48 |   int FTYPE_is_large[(LARGE_FTYPE % 2147483629 == 721
      |                       ^~~~~~~~~~~
conftest.c:47:69: warning: result of '-2147483648 << 31' requires 63 bits to represent, but 'long int' only has 32 bits [-Wshift-overflow=]
   47 | #define LARGE_FTYPE (((FTYPE) 1 << 31 << 31) - 1 + ((FTYPE) 1 << 31 << 31))
      |                                                                     ^~
conftest.c:48:23: note: in expansion of macro 'LARGE_FTYPE'
   48 |   int FTYPE_is_large[(LARGE_FTYPE % 2147483629 == 721
      |                       ^~~~~~~~~~~
conftest.c:47:39: warning: result of '-2147483648 << 31' requires 63 bits to represent, but 'long int' only has 32 bits [-Wshift-overflow=]
   47 | #define LARGE_FTYPE (((FTYPE) 1 << 31 << 31) - 1 + ((FTYPE) 1 << 31 << 31))
      |                                       ^~
conftest.c:49:13: note: in expansion of macro 'LARGE_FTYPE'
   49 |          && LARGE_FTYPE % 2147483647 == 1)
      |             ^~~~~~~~~~~
conftest.c:47:69: warning: result of '-2147483648 << 31' requires 63 bits to represent, but 'long int' only has 32 bits [-Wshift-overflow=]
   47 | #define LARGE_FTYPE (((FTYPE) 1 << 31 << 31) - 1 + ((FTYPE) 1 << 31 << 31))
      |                                                                     ^~
conftest.c:49:13: note: in expansion of macro 'LARGE_FTYPE'
   49 |          && LARGE_FTYPE % 2147483647 == 1)
      |             ^~~~~~~~~~~
conftest.c:48:7: error: variably modified 'FTYPE_is_large' at file scope
   48 |   int FTYPE_is_large[(LARGE_FTYPE % 2147483629 == 721
      |       ^~~~~~~~~~~~~~
configure:5521: $? = 1
configure: failed program was:
| /* confdefs.h */
| #define PACKAGE_NAME "libmodbus"
| #define PACKAGE_TARNAME "libmodbus"
| #define PACKAGE_VERSION "3.1.11"
| #define PACKAGE_STRING "libmodbus 3.1.11"
| #define PACKAGE_BUGREPORT "https://github.com/stephane/libmodbus/issues"
| #define PACKAGE_URL "http://libmodbus.org/"
| #define PACKAGE "libmodbus"
| #define VERSION "3.1.11"
| #define HAVE_STDIO_H 1
| #define HAVE_STDLIB_H 1
| #define HAVE_STRING_H 1
| #define HAVE_INTTYPES_H 1
| #define HAVE_STDINT_H 1
| #define HAVE_STRINGS_H 1
| #define HAVE_SYS_STAT_H 1
| #define HAVE_SYS_TYPES_H 1
| #define HAVE_UNISTD_H 1
| #define HAVE_WCHAR_H 1
| #define STDC_HEADERS 1
| #define _ALL_SOURCE 1
| #define _DARWIN_C_SOURCE 1
| #define _GNU_SOURCE 1
| #define _HPUX_ALT_XOPEN_SOCKET_API 1
| #define _NETBSD_SOURCE 1
| #define _OPENBSD_SOURCE 1
| #define _POSIX_PTHREAD_SEMANTICS 1
| #define __STDC_WANT_IEC_60559_ATTRIBS_EXT__ 1
| #define __STDC_WANT_IEC_60559_BFP_EXT__ 1
| #define __STDC_WANT_IEC_60559_DFP_EXT__ 1
| #define __STDC_WANT_IEC_60559_EXT__ 1
| #define __STDC_WANT_IEC_60559_FUNCS_EXT__ 1
| #define __STDC_WANT_IEC_60559_TYPES_EXT__ 1
| #define __STDC_WANT_LIB_EXT2__ 1
| #define __STDC_WANT_MATH_SPEC_FUNCS__ 1
| #define _TANDEM_SOURCE 1
| #define __EXTENSIONS__ 1
| /* end confdefs.h.  */
| #include <sys/types.h>
| #ifndef FTYPE
| # define FTYPE off_t
| #endif
|  /* Check that FTYPE can represent 2**63 - 1 correctly.
|     We can't simply define LARGE_FTYPE to be 9223372036854775807,
|     since some C++ compilers masquerading as C compilers
|     incorrectly reject 9223372036854775807.  */
| #define LARGE_FTYPE (((FTYPE) 1 << 31 << 31) - 1 + ((FTYPE) 1 << 31 << 31))
|   int FTYPE_is_large[(LARGE_FTYPE % 2147483629 == 721
| 		       && LARGE_FTYPE % 2147483647 == 1)
| 		      ? 1 : -1];
| int
| main (void)
| {
| 
|   ;
|   return 0;
| }
configure:5521: /home/mtam/tamvm/SDK_rk3506/rk3506_linux6.1_rkr4_v1/prebuilts/gcc/linux-x86/arm/gcc-arm-10.3-2021.07-x86_64-arm-none-linux-gnueabihf/bin/arm-none-linux-gnueabihf-gcc -D_FILE_OFFSET_BITS=64 -c -g -O2  conftest.c >&5
configure:5521: $? = 0
configure:5552: result: -D_FILE_OFFSET_BITS=64
configure:5681: checking build system type
configure:5697: result: x86_64-pc-linux-gnu
configure:5717: checking host system type
configure:5732: result: arm-none-linux-gnueabihf
configure:5836: checking how to print strings
configure:5863: result: printf
configure:5884: checking for a sed that does not truncate output
configure:5956: result: /usr/bin/sed
configure:5974: checking for grep that handles long lines and -e
configure:6040: result: /usr/bin/grep
configure:6045: checking for egrep
configure:6115: result: /usr/bin/grep -E
configure:6122: checking for fgrep
configure:6192: result: /usr/bin/grep -F
configure:6229: checking for ld used by /home/mtam/tamvm/SDK_rk3506/rk3506_linux6.1_rkr4_v1/prebuilts/gcc/linux-x86/arm/gcc-arm-10.3-2021.07-x86_64-arm-none-linux-gnueabihf/bin/arm-none-linux-gnueabihf-gcc
configure:6298: result: /home/mtam/tamvm/SDK_rk3506/rk3506_linux6.1_rkr4_v1/prebuilts/gcc/linux-x86/arm/gcc-arm-10.3-2021.07-x86_64-arm-none-linux-gnueabihf/arm-none-linux-gnueabihf/bin/ld
configure:6305: checking if the linker (/home/mtam/tamvm/SDK_rk3506/rk3506_linux6.1_rkr4_v1/prebuilts/gcc/linux-x86/arm/gcc-arm-10.3-2021.07-x86_64-arm-none-linux-gnueabihf/arm-none-linux-gnueabihf/bin/ld) is GNU ld
configure:6322: result: yes
configure:6334: checking for BSD- or MS-compatible name lister (nm)
configure:6390: result: no
configure:6404: checking for arm-none-linux-gnueabihf-dumpbin
configure:6440: result: no
configure:6404: checking for arm-none-linux-gnueabihf-link
configure:6440: result: no
configure:6454: checking for dumpbin
configure:6490: result: no
configure:6454: checking for link
configure:6475: found /usr/bin/link
configure:6487: result: link -dump
configure:6503: WARNING: using cross tools not prefixed with host triplet
configure:6532: checking the name lister (nm) interface
configure:6540: /home/mtam/tamvm/SDK_rk3506/rk3506_linux6.1_rkr4_v1/prebuilts/gcc/linux-x86/arm/gcc-arm-10.3-2021.07-x86_64-arm-none-linux-gnueabihf/bin/arm-none-linux-gnueabihf-gcc -c -g -O2  conftest.c >&5
configure:6543: nm "conftest.o"
configure:6546: output
00000000 b $d
00000000 B some_variable
configure:6554: result: BSD nm
configure:6557: checking whether ln -s works
configure:6561: result: yes
configure:6569: checking the maximum length of command line arguments
configure:6702: result: 1572864
configure:6750: checking how to convert x86_64-pc-linux-gnu file names to arm-none-linux-gnueabihf format
configure:6792: result: func_convert_file_noop
configure:6799: checking how to convert x86_64-pc-linux-gnu file names to toolchain format
configure:6821: result: func_convert_file_noop
configure:6828: checking for /home/mtam/tamvm/SDK_rk3506/rk3506_linux6.1_rkr4_v1/prebuilts/gcc/linux-x86/arm/gcc-arm-10.3-2021.07-x86_64-arm-none-linux-gnueabihf/arm-none-linux-gnueabihf/bin/ld option to reload object files
configure:6837: result: -r
configure:6870: checking for file
configure:6891: found /usr/bin/file
configure:6904: result: file
configure:6921: checking for arm-none-linux-gnueabihf-objdump
configure:6957: result: no
configure:6967: checking for objdump
configure:6988: found /usr/bin/objdump
configure:7000: result: objdump
configure:7029: checking how to recognize dependent libraries
configure:7230: result: pass_all
configure:7275: checking for arm-none-linux-gnueabihf-dlltool
configure:7311: result: no
configure:7321: checking for dlltool
configure:7357: result: no
configure:7384: checking how to associate runtime and link libraries
configure:7413: result: printf %s\n
configure:7427: checking for arm-none-linux-gnueabihf-ranlib
configure:7463: result: no
configure:7473: checking for ranlib
configure:7494: found /usr/bin/ranlib
configure:7506: result: ranlib
configure:7533: checking for arm-none-linux-gnueabihf-ar
configure:7569: result: no
configure:7583: checking for ar
configure:7604: found /usr/bin/ar
configure:7616: result: ar
configure:7669: checking for archiver @FILE support
configure:7687: /home/mtam/tamvm/SDK_rk3506/rk3506_linux6.1_rkr4_v1/prebuilts/gcc/linux-x86/arm/gcc-arm-10.3-2021.07-x86_64-arm-none-linux-gnueabihf/bin/arm-none-linux-gnueabihf-gcc -c -g -O2  conftest.c >&5
configure:7687: $? = 0
configure:7691: ar cr libconftest.a @conftest.lst >&5
configure:7694: $? = 0
configure:7699: ar cr libconftest.a @conftest.lst >&5
ar: conftest.o: No such file or directory
configure:7702: $? = 1
configure:7715: result: @
configure:7733: checking for arm-none-linux-gnueabihf-strip
configure:7766: result: strip
configure:7915: checking command to parse nm output from /home/mtam/tamvm/SDK_rk3506/rk3506_linux6.1_rkr4_v1/prebuilts/gcc/linux-x86/arm/gcc-arm-10.3-2021.07-x86_64-arm-none-linux-gnueabihf/bin/arm-none-linux-gnueabihf-gcc object
configure:8069: /home/mtam/tamvm/SDK_rk3506/rk3506_linux6.1_rkr4_v1/prebuilts/gcc/linux-x86/arm/gcc-arm-10.3-2021.07-x86_64-arm-none-linux-gnueabihf/bin/arm-none-linux-gnueabihf-gcc -c -g -O2  conftest.c >&5
configure:8072: $? = 0
configure:8076: nm conftest.o \| /usr/bin/sed -n -e 's/^.*[ ]\([ABCDGIRSTW][ABCDGIRSTW]*\)[ ][ ]*\([_A-Za-z][_A-Za-z0-9]*\)$/\1 \2 \2/p' | /usr/bin/sed '/ __gnu_lto/d' \> conftest.nm
configure:8079: $? = 0
configure:8145: /home/mtam/tamvm/SDK_rk3506/rk3506_linux6.1_rkr4_v1/prebuilts/gcc/linux-x86/arm/gcc-arm-10.3-2021.07-x86_64-arm-none-linux-gnueabihf/bin/arm-none-linux-gnueabihf-gcc -o conftest -g -O2   conftest.c conftstm.o >&5
configure:8148: $? = 0
configure:8187: result: ok
configure:8234: checking for sysroot
configure:8268: result: no
configure:8275: checking for a working dd
configure:8320: result: /usr/bin/dd
configure:8324: checking how to truncate binary pipes
configure:8341: result: /usr/bin/dd bs=4096 count=1
configure:8635: checking for arm-none-linux-gnueabihf-mt
configure:8671: result: no
configure:8681: checking for mt
configure:8702: found /usr/bin/mt
configure:8714: result: mt
configure:8737: checking if mt is a manifest tool
configure:8744: mt '-?'
configure:8753: result: no
configure:9531: checking for dlfcn.h
configure:9531: /home/mtam/tamvm/SDK_rk3506/rk3506_linux6.1_rkr4_v1/prebuilts/gcc/linux-x86/arm/gcc-arm-10.3-2021.07-x86_64-arm-none-linux-gnueabihf/bin/arm-none-linux-gnueabihf-gcc -c -g -O2  conftest.c >&5
configure:9531: $? = 0
configure:9531: result: yes
configure:10166: checking for objdir
configure:10183: result: .libs
configure:10449: checking if /home/mtam/tamvm/SDK_rk3506/rk3506_linux6.1_rkr4_v1/prebuilts/gcc/linux-x86/arm/gcc-arm-10.3-2021.07-x86_64-arm-none-linux-gnueabihf/bin/arm-none-linux-gnueabihf-gcc supports -fno-rtti -fno-exceptions
configure:10468: /home/mtam/tamvm/SDK_rk3506/rk3506_linux6.1_rkr4_v1/prebuilts/gcc/linux-x86/arm/gcc-arm-10.3-2021.07-x86_64-arm-none-linux-gnueabihf/bin/arm-none-linux-gnueabihf-gcc -c -g -O2  -fno-rtti -fno-exceptions conftest.c >&5
cc1: warning: command-line option '-fno-rtti' is valid for C++/D/ObjC++ but not for C
configure:10472: $? = 0
configure:10486: result: no
configure:10850: checking for /home/mtam/tamvm/SDK_rk3506/rk3506_linux6.1_rkr4_v1/prebuilts/gcc/linux-x86/arm/gcc-arm-10.3-2021.07-x86_64-arm-none-linux-gnueabihf/bin/arm-none-linux-gnueabihf-gcc option to produce PIC
configure:10859: result: -fPIC -DPIC
configure:10867: checking if /home/mtam/tamvm/SDK_rk3506/rk3506_linux6.1_rkr4_v1/prebuilts/gcc/linux-x86/arm/gcc-arm-10.3-2021.07-x86_64-arm-none-linux-gnueabihf/bin/arm-none-linux-gnueabihf-gcc PIC flag -fPIC -DPIC works
configure:10886: /home/mtam/tamvm/SDK_rk3506/rk3506_linux6.1_rkr4_v1/prebuilts/gcc/linux-x86/arm/gcc-arm-10.3-2021.07-x86_64-arm-none-linux-gnueabihf/bin/arm-none-linux-gnueabihf-gcc -c -g -O2  -fPIC -DPIC -DPIC conftest.c >&5
configure:10890: $? = 0
configure:10904: result: yes
configure:10933: checking if /home/mtam/tamvm/SDK_rk3506/rk3506_linux6.1_rkr4_v1/prebuilts/gcc/linux-x86/arm/gcc-arm-10.3-2021.07-x86_64-arm-none-linux-gnueabihf/bin/arm-none-linux-gnueabihf-gcc static flag -static works
configure:10963: result: yes
configure:10978: checking if /home/mtam/tamvm/SDK_rk3506/rk3506_linux6.1_rkr4_v1/prebuilts/gcc/linux-x86/arm/gcc-arm-10.3-2021.07-x86_64-arm-none-linux-gnueabihf/bin/arm-none-linux-gnueabihf-gcc supports -c -o file.o
configure:11000: /home/mtam/tamvm/SDK_rk3506/rk3506_linux6.1_rkr4_v1/prebuilts/gcc/linux-x86/arm/gcc-arm-10.3-2021.07-x86_64-arm-none-linux-gnueabihf/bin/arm-none-linux-gnueabihf-gcc -c -g -O2  -o out/conftest2.o conftest.c >&5
configure:11004: $? = 0
configure:11027: result: yes
configure:11035: checking if /home/mtam/tamvm/SDK_rk3506/rk3506_linux6.1_rkr4_v1/prebuilts/gcc/linux-x86/arm/gcc-arm-10.3-2021.07-x86_64-arm-none-linux-gnueabihf/bin/arm-none-linux-gnueabihf-gcc supports -c -o file.o
configure:11084: result: yes
configure:11117: checking whether the /home/mtam/tamvm/SDK_rk3506/rk3506_linux6.1_rkr4_v1/prebuilts/gcc/linux-x86/arm/gcc-arm-10.3-2021.07-x86_64-arm-none-linux-gnueabihf/bin/arm-none-linux-gnueabihf-gcc linker (/home/mtam/tamvm/SDK_rk3506/rk3506_linux6.1_rkr4_v1/prebuilts/gcc/linux-x86/arm/gcc-arm-10.3-2021.07-x86_64-arm-none-linux-gnueabihf/arm-none-linux-gnueabihf/bin/ld) supports shared libraries
configure:12390: result: yes
configure:12427: checking whether -lc should be explicitly linked in
configure:12436: /home/mtam/tamvm/SDK_rk3506/rk3506_linux6.1_rkr4_v1/prebuilts/gcc/linux-x86/arm/gcc-arm-10.3-2021.07-x86_64-arm-none-linux-gnueabihf/bin/arm-none-linux-gnueabihf-gcc -c -g -O2  conftest.c >&5
configure:12439: $? = 0
configure:12454: /home/mtam/tamvm/SDK_rk3506/rk3506_linux6.1_rkr4_v1/prebuilts/gcc/linux-x86/arm/gcc-arm-10.3-2021.07-x86_64-arm-none-linux-gnueabihf/bin/arm-none-linux-gnueabihf-gcc -shared  -fPIC -DPIC conftest.o  -v -Wl,-soname -Wl,conftest -o conftest 2\>\&1 \| /usr/bin/grep  -lc  \>/dev/null 2\>\&1
configure:12457: $? = 0
configure:12472: result: no
configure:12632: checking dynamic linker characteristics
configure:13250: /home/mtam/tamvm/SDK_rk3506/rk3506_linux6.1_rkr4_v1/prebuilts/gcc/linux-x86/arm/gcc-arm-10.3-2021.07-x86_64-arm-none-linux-gnueabihf/bin/arm-none-linux-gnueabihf-gcc -o conftest -g -O2   -Wl,-rpath -Wl,/foo conftest.c  >&5
configure:13250: $? = 0
configure:13490: result: GNU/Linux ld.so
configure:13612: checking how to hardcode library paths into programs
configure:13637: result: immediate
configure:14237: checking whether stripping libraries is possible
configure:14246: result: yes
configure:14288: checking if libtool supports shared libraries
configure:14290: result: yes
configure:14293: checking whether to build shared libraries
configure:14318: result: yes
configure:14321: checking whether to build static libraries
configure:14325: result: yes
configure:14363: checking for arpa/inet.h
configure:14363: /home/mtam/tamvm/SDK_rk3506/rk3506_linux6.1_rkr4_v1/prebuilts/gcc/linux-x86/arm/gcc-arm-10.3-2021.07-x86_64-arm-none-linux-gnueabihf/bin/arm-none-linux-gnueabihf-gcc -c -g -O2  conftest.c >&5
configure:14363: $? = 0
configure:14363: result: yes
configure:14369: checking for byteswap.h
configure:14369: /home/mtam/tamvm/SDK_rk3506/rk3506_linux6.1_rkr4_v1/prebuilts/gcc/linux-x86/arm/gcc-arm-10.3-2021.07-x86_64-arm-none-linux-gnueabihf/bin/arm-none-linux-gnueabihf-gcc -c -g -O2  conftest.c >&5
configure:14369: $? = 0
configure:14369: result: yes
configure:14375: checking for errno.h
configure:14375: /home/mtam/tamvm/SDK_rk3506/rk3506_linux6.1_rkr4_v1/prebuilts/gcc/linux-x86/arm/gcc-arm-10.3-2021.07-x86_64-arm-none-linux-gnueabihf/bin/arm-none-linux-gnueabihf-gcc -c -g -O2  conftest.c >&5
configure:14375: $? = 0
configure:14375: result: yes
configure:14381: checking for fcntl.h
configure:14381: /home/mtam/tamvm/SDK_rk3506/rk3506_linux6.1_rkr4_v1/prebuilts/gcc/linux-x86/arm/gcc-arm-10.3-2021.07-x86_64-arm-none-linux-gnueabihf/bin/arm-none-linux-gnueabihf-gcc -c -g -O2  conftest.c >&5
configure:14381: $? = 0
configure:14381: result: yes
configure:14387: checking for limits.h
configure:14387: /home/mtam/tamvm/SDK_rk3506/rk3506_linux6.1_rkr4_v1/prebuilts/gcc/linux-x86/arm/gcc-arm-10.3-2021.07-x86_64-arm-none-linux-gnueabihf/bin/arm-none-linux-gnueabihf-gcc -c -g -O2  conftest.c >&5
configure:14387: $? = 0
configure:14387: result: yes
configure:14393: checking for linux/serial.h
configure:14393: /home/mtam/tamvm/SDK_rk3506/rk3506_linux6.1_rkr4_v1/prebuilts/gcc/linux-x86/arm/gcc-arm-10.3-2021.07-x86_64-arm-none-linux-gnueabihf/bin/arm-none-linux-gnueabihf-gcc -c -g -O2  conftest.c >&5
configure:14393: $? = 0
configure:14393: result: yes
configure:14399: checking for netdb.h
configure:14399: /home/mtam/tamvm/SDK_rk3506/rk3506_linux6.1_rkr4_v1/prebuilts/gcc/linux-x86/arm/gcc-arm-10.3-2021.07-x86_64-arm-none-linux-gnueabihf/bin/arm-none-linux-gnueabihf-gcc -c -g -O2  conftest.c >&5
configure:14399: $? = 0
configure:14399: result: yes
configure:14405: checking for netinet/in.h
configure:14405: /home/mtam/tamvm/SDK_rk3506/rk3506_linux6.1_rkr4_v1/prebuilts/gcc/linux-x86/arm/gcc-arm-10.3-2021.07-x86_64-arm-none-linux-gnueabihf/bin/arm-none-linux-gnueabihf-gcc -c -g -O2  conftest.c >&5
configure:14405: $? = 0
configure:14405: result: yes
configure:14411: checking for netinet/ip.h
configure:14411: /home/mtam/tamvm/SDK_rk3506/rk3506_linux6.1_rkr4_v1/prebuilts/gcc/linux-x86/arm/gcc-arm-10.3-2021.07-x86_64-arm-none-linux-gnueabihf/bin/arm-none-linux-gnueabihf-gcc -c -g -O2  conftest.c >&5
configure:14411: $? = 0
configure:14411: result: yes
configure:14417: checking for netinet/tcp.h
configure:14417: /home/mtam/tamvm/SDK_rk3506/rk3506_linux6.1_rkr4_v1/prebuilts/gcc/linux-x86/arm/gcc-arm-10.3-2021.07-x86_64-arm-none-linux-gnueabihf/bin/arm-none-linux-gnueabihf-gcc -c -g -O2  conftest.c >&5
configure:14417: $? = 0
configure:14417: result: yes
configure:14423: checking for sys/ioctl.h
configure:14423: /home/mtam/tamvm/SDK_rk3506/rk3506_linux6.1_rkr4_v1/prebuilts/gcc/linux-x86/arm/gcc-arm-10.3-2021.07-x86_64-arm-none-linux-gnueabihf/bin/arm-none-linux-gnueabihf-gcc -c -g -O2  conftest.c >&5
configure:14423: $? = 0
configure:14423: result: yes
configure:14429: checking for sys/params.h
configure:14429: /home/mtam/tamvm/SDK_rk3506/rk3506_linux6.1_rkr4_v1/prebuilts/gcc/linux-x86/arm/gcc-arm-10.3-2021.07-x86_64-arm-none-linux-gnueabihf/bin/arm-none-linux-gnueabihf-gcc -c -g -O2  conftest.c >&5
conftest.c:81:10: fatal error: sys/params.h: No such file or directory
   81 | #include <sys/params.h>
      |          ^~~~~~~~~~~~~~
compilation terminated.
configure:14429: $? = 1
configure: failed program was:
| /* confdefs.h */
| #define PACKAGE_NAME "libmodbus"
| #define PACKAGE_TARNAME "libmodbus"
| #define PACKAGE_VERSION "3.1.11"
| #define PACKAGE_STRING "libmodbus 3.1.11"
| #define PACKAGE_BUGREPORT "https://github.com/stephane/libmodbus/issues"
| #define PACKAGE_URL "http://libmodbus.org/"
| #define PACKAGE "libmodbus"
| #define VERSION "3.1.11"
| #define HAVE_STDIO_H 1
| #define HAVE_STDLIB_H 1
| #define HAVE_STRING_H 1
| #define HAVE_INTTYPES_H 1
| #define HAVE_STDINT_H 1
| #define HAVE_STRINGS_H 1
| #define HAVE_SYS_STAT_H 1
| #define HAVE_SYS_TYPES_H 1
| #define HAVE_UNISTD_H 1
| #define HAVE_WCHAR_H 1
| #define STDC_HEADERS 1
| #define _ALL_SOURCE 1
| #define _DARWIN_C_SOURCE 1
| #define _GNU_SOURCE 1
| #define _HPUX_ALT_XOPEN_SOCKET_API 1
| #define _NETBSD_SOURCE 1
| #define _OPENBSD_SOURCE 1
| #define _POSIX_PTHREAD_SEMANTICS 1
| #define __STDC_WANT_IEC_60559_ATTRIBS_EXT__ 1
| #define __STDC_WANT_IEC_60559_BFP_EXT__ 1
| #define __STDC_WANT_IEC_60559_DFP_EXT__ 1
| #define __STDC_WANT_IEC_60559_EXT__ 1
| #define __STDC_WANT_IEC_60559_FUNCS_EXT__ 1
| #define __STDC_WANT_IEC_60559_TYPES_EXT__ 1
| #define __STDC_WANT_LIB_EXT2__ 1
| #define __STDC_WANT_MATH_SPEC_FUNCS__ 1
| #define _TANDEM_SOURCE 1
| #define __EXTENSIONS__ 1
| #define _FILE_OFFSET_BITS 64
| #define HAVE_DLFCN_H 1
| #define LT_OBJDIR ".libs/"
| #define HAVE_ARPA_INET_H 1
| #define HAVE_BYTESWAP_H 1
| #define HAVE_ERRNO_H 1
| #define HAVE_FCNTL_H 1
| #define HAVE_LIMITS_H 1
| #define HAVE_LINUX_SERIAL_H 1
| #define HAVE_NETDB_H 1
| #define HAVE_NETINET_IN_H 1
| #define HAVE_NETINET_IP_H 1
| #define HAVE_NETINET_TCP_H 1
| #define HAVE_SYS_IOCTL_H 1
| /* end confdefs.h.  */
| #include <stddef.h>
| #ifdef HAVE_STDIO_H
| # include <stdio.h>
| #endif
| #ifdef HAVE_STDLIB_H
| # include <stdlib.h>
| #endif
| #ifdef HAVE_STRING_H
| # include <string.h>
| #endif
| #ifdef HAVE_INTTYPES_H
| # include <inttypes.h>
| #endif
| #ifdef HAVE_STDINT_H
| # include <stdint.h>
| #endif
| #ifdef HAVE_STRINGS_H
| # include <strings.h>
| #endif
| #ifdef HAVE_SYS_TYPES_H
| # include <sys/types.h>
| #endif
| #ifdef HAVE_SYS_STAT_H
| # include <sys/stat.h>
| #endif
| #ifdef HAVE_UNISTD_H
| # include <unistd.h>
| #endif
| #include <sys/params.h>
configure:14429: result: no
configure:14435: checking for sys/socket.h
configure:14435: /home/mtam/tamvm/SDK_rk3506/rk3506_linux6.1_rkr4_v1/prebuilts/gcc/linux-x86/arm/gcc-arm-10.3-2021.07-x86_64-arm-none-linux-gnueabihf/bin/arm-none-linux-gnueabihf-gcc -c -g -O2  conftest.c >&5
configure:14435: $? = 0
configure:14435: result: yes
configure:14441: checking for sys/time.h
configure:14441: /home/mtam/tamvm/SDK_rk3506/rk3506_linux6.1_rkr4_v1/prebuilts/gcc/linux-x86/arm/gcc-arm-10.3-2021.07-x86_64-arm-none-linux-gnueabihf/bin/arm-none-linux-gnueabihf-gcc -c -g -O2  conftest.c >&5
configure:14441: $? = 0
configure:14441: result: yes
configure:14447: checking for sys/types.h
configure:14447: result: yes
configure:14453: checking for termios.h
configure:14453: /home/mtam/tamvm/SDK_rk3506/rk3506_linux6.1_rkr4_v1/prebuilts/gcc/linux-x86/arm/gcc-arm-10.3-2021.07-x86_64-arm-none-linux-gnueabihf/bin/arm-none-linux-gnueabihf-gcc -c -g -O2  conftest.c >&5
configure:14453: $? = 0
configure:14453: result: yes
configure:14459: checking for time.h
configure:14459: /home/mtam/tamvm/SDK_rk3506/rk3506_linux6.1_rkr4_v1/prebuilts/gcc/linux-x86/arm/gcc-arm-10.3-2021.07-x86_64-arm-none-linux-gnueabihf/bin/arm-none-linux-gnueabihf-gcc -c -g -O2  conftest.c >&5
configure:14459: $? = 0
configure:14459: result: yes
configure:14465: checking for unistd.h
configure:14465: result: yes
configure:14475: checking for /home/mtam/tamvm/SDK_rk3506/rk3506_linux6.1_rkr4_v1/prebuilts/gcc/linux-x86/arm/gcc-arm-10.3-2021.07-x86_64-arm-none-linux-gnueabihf/bin/arm-none-linux-gnueabihf-gcc options needed to detect all undeclared functions
configure:14497: /home/mtam/tamvm/SDK_rk3506/rk3506_linux6.1_rkr4_v1/prebuilts/gcc/linux-x86/arm/gcc-arm-10.3-2021.07-x86_64-arm-none-linux-gnueabihf/bin/arm-none-linux-gnueabihf-gcc -c -g -O2   conftest.c >&5
conftest.c: In function 'main':
conftest.c:63:8: error: 'strchr' undeclared (first use in this function)
   63 | (void) strchr;
      |        ^~~~~~
conftest.c:1:1: note: 'strchr' is defined in header '<string.h>'; did you forget to '#include <string.h>'?
    1 | /* confdefs.h */
conftest.c:63:8: note: each undeclared identifier is reported only once for each function it appears in
   63 | (void) strchr;
      |        ^~~~~~
configure:14497: $? = 1
configure: failed program was:
| /* confdefs.h */
| #define PACKAGE_NAME "libmodbus"
| #define PACKAGE_TARNAME "libmodbus"
| #define PACKAGE_VERSION "3.1.11"
| #define PACKAGE_STRING "libmodbus 3.1.11"
| #define PACKAGE_BUGREPORT "https://github.com/stephane/libmodbus/issues"
| #define PACKAGE_URL "http://libmodbus.org/"
| #define PACKAGE "libmodbus"
| #define VERSION "3.1.11"
| #define HAVE_STDIO_H 1
| #define HAVE_STDLIB_H 1
| #define HAVE_STRING_H 1
| #define HAVE_INTTYPES_H 1
| #define HAVE_STDINT_H 1
| #define HAVE_STRINGS_H 1
| #define HAVE_SYS_STAT_H 1
| #define HAVE_SYS_TYPES_H 1
| #define HAVE_UNISTD_H 1
| #define HAVE_WCHAR_H 1
| #define STDC_HEADERS 1
| #define _ALL_SOURCE 1
| #define _DARWIN_C_SOURCE 1
| #define _GNU_SOURCE 1
| #define _HPUX_ALT_XOPEN_SOCKET_API 1
| #define _NETBSD_SOURCE 1
| #define _OPENBSD_SOURCE 1
| #define _POSIX_PTHREAD_SEMANTICS 1
| #define __STDC_WANT_IEC_60559_ATTRIBS_EXT__ 1
| #define __STDC_WANT_IEC_60559_BFP_EXT__ 1
| #define __STDC_WANT_IEC_60559_DFP_EXT__ 1
| #define __STDC_WANT_IEC_60559_EXT__ 1
| #define __STDC_WANT_IEC_60559_FUNCS_EXT__ 1
| #define __STDC_WANT_IEC_60559_TYPES_EXT__ 1
| #define __STDC_WANT_LIB_EXT2__ 1
| #define __STDC_WANT_MATH_SPEC_FUNCS__ 1
| #define _TANDEM_SOURCE 1
| #define __EXTENSIONS__ 1
| #define _FILE_OFFSET_BITS 64
| #define HAVE_DLFCN_H 1
| #define LT_OBJDIR ".libs/"
| #define HAVE_ARPA_INET_H 1
| #define HAVE_BYTESWAP_H 1
| #define HAVE_ERRNO_H 1
| #define HAVE_FCNTL_H 1
| #define HAVE_LIMITS_H 1
| #define HAVE_LINUX_SERIAL_H 1
| #define HAVE_NETDB_H 1
| #define HAVE_NETINET_IN_H 1
| #define HAVE_NETINET_IP_H 1
| #define HAVE_NETINET_TCP_H 1
| #define HAVE_SYS_IOCTL_H 1
| #define HAVE_SYS_SOCKET_H 1
| #define HAVE_SYS_TIME_H 1
| #define HAVE_SYS_TYPES_H 1
| #define HAVE_TERMIOS_H 1
| #define HAVE_TIME_H 1
| #define HAVE_UNISTD_H 1
| /* end confdefs.h.  */
| 
| int
| main (void)
| {
| (void) strchr;
|   ;
|   return 0;
| }
configure:14524: /home/mtam/tamvm/SDK_rk3506/rk3506_linux6.1_rkr4_v1/prebuilts/gcc/linux-x86/arm/gcc-arm-10.3-2021.07-x86_64-arm-none-linux-gnueabihf/bin/arm-none-linux-gnueabihf-gcc -c -g -O2   conftest.c >&5
configure:14524: $? = 0
configure:14544: result: none needed
configure:14558: checking whether __CYGWIN__ is declared
configure:14558: /home/mtam/tamvm/SDK_rk3506/rk3506_linux6.1_rkr4_v1/prebuilts/gcc/linux-x86/arm/gcc-arm-10.3-2021.07-x86_64-arm-none-linux-gnueabihf/bin/arm-none-linux-gnueabihf-gcc -c -g -O2   conftest.c >&5
conftest.c: In function 'main':
conftest.c:94:10: error: '__CYGWIN__' undeclared (first use in this function)
   94 |   (void) __CYGWIN__;
      |          ^~~~~~~~~~
conftest.c:94:10: note: each undeclared identifier is reported only once for each function it appears in
configure:14558: $? = 1
configure: failed program was:
| /* confdefs.h */
| #define PACKAGE_NAME "libmodbus"
| #define PACKAGE_TARNAME "libmodbus"
| #define PACKAGE_VERSION "3.1.11"
| #define PACKAGE_STRING "libmodbus 3.1.11"
| #define PACKAGE_BUGREPORT "https://github.com/stephane/libmodbus/issues"
| #define PACKAGE_URL "http://libmodbus.org/"
| #define PACKAGE "libmodbus"
| #define VERSION "3.1.11"
| #define HAVE_STDIO_H 1
| #define HAVE_STDLIB_H 1
| #define HAVE_STRING_H 1
| #define HAVE_INTTYPES_H 1
| #define HAVE_STDINT_H 1
| #define HAVE_STRINGS_H 1
| #define HAVE_SYS_STAT_H 1
| #define HAVE_SYS_TYPES_H 1
| #define HAVE_UNISTD_H 1
| #define HAVE_WCHAR_H 1
| #define STDC_HEADERS 1
| #define _ALL_SOURCE 1
| #define _DARWIN_C_SOURCE 1
| #define _GNU_SOURCE 1
| #define _HPUX_ALT_XOPEN_SOCKET_API 1
| #define _NETBSD_SOURCE 1
| #define _OPENBSD_SOURCE 1
| #define _POSIX_PTHREAD_SEMANTICS 1
| #define __STDC_WANT_IEC_60559_ATTRIBS_EXT__ 1
| #define __STDC_WANT_IEC_60559_BFP_EXT__ 1
| #define __STDC_WANT_IEC_60559_DFP_EXT__ 1
| #define __STDC_WANT_IEC_60559_EXT__ 1
| #define __STDC_WANT_IEC_60559_FUNCS_EXT__ 1
| #define __STDC_WANT_IEC_60559_TYPES_EXT__ 1
| #define __STDC_WANT_LIB_EXT2__ 1
| #define __STDC_WANT_MATH_SPEC_FUNCS__ 1
| #define _TANDEM_SOURCE 1
| #define __EXTENSIONS__ 1
| #define _FILE_OFFSET_BITS 64
| #define HAVE_DLFCN_H 1
| #define LT_OBJDIR ".libs/"
| #define HAVE_ARPA_INET_H 1
| #define HAVE_BYTESWAP_H 1
| #define HAVE_ERRNO_H 1
| #define HAVE_FCNTL_H 1
| #define HAVE_LIMITS_H 1
| #define HAVE_LINUX_SERIAL_H 1
| #define HAVE_NETDB_H 1
| #define HAVE_NETINET_IN_H 1
| #define HAVE_NETINET_IP_H 1
| #define HAVE_NETINET_TCP_H 1
| #define HAVE_SYS_IOCTL_H 1
| #define HAVE_SYS_SOCKET_H 1
| #define HAVE_SYS_TIME_H 1
| #define HAVE_SYS_TYPES_H 1
| #define HAVE_TERMIOS_H 1
| #define HAVE_TIME_H 1
| #define HAVE_UNISTD_H 1
| /* end confdefs.h.  */
| #include <stddef.h>
| #ifdef HAVE_STDIO_H
| # include <stdio.h>
| #endif
| #ifdef HAVE_STDLIB_H
| # include <stdlib.h>
| #endif
| #ifdef HAVE_STRING_H
| # include <string.h>
| #endif
| #ifdef HAVE_INTTYPES_H
| # include <inttypes.h>
| #endif
| #ifdef HAVE_STDINT_H
| # include <stdint.h>
| #endif
| #ifdef HAVE_STRINGS_H
| # include <strings.h>
| #endif
| #ifdef HAVE_SYS_TYPES_H
| # include <sys/types.h>
| #endif
| #ifdef HAVE_SYS_STAT_H
| # include <sys/stat.h>
| #endif
| #ifdef HAVE_UNISTD_H
| # include <unistd.h>
| #endif
| int
| main (void)
| {
| #ifndef __CYGWIN__
| #ifdef __cplusplus
|   (void) __CYGWIN__;
| #else
|   (void) __CYGWIN__;
| #endif
| #endif
| 
|   ;
|   return 0;
| }
configure:14558: result: no
configure:14570: checking for library containing accept
configure:14606: /home/mtam/tamvm/SDK_rk3506/rk3506_linux6.1_rkr4_v1/prebuilts/gcc/linux-x86/arm/gcc-arm-10.3-2021.07-x86_64-arm-none-linux-gnueabihf/bin/arm-none-linux-gnueabihf-gcc -o conftest -g -O2   conftest.c  >&5
configure:14606: $? = 0
configure:14628: result: none required
configure:14639: checking for accept4
configure:14639: /home/mtam/tamvm/SDK_rk3506/rk3506_linux6.1_rkr4_v1/prebuilts/gcc/linux-x86/arm/gcc-arm-10.3-2021.07-x86_64-arm-none-linux-gnueabihf/bin/arm-none-linux-gnueabihf-gcc -o conftest -g -O2   conftest.c  >&5
configure:14639: $? = 0
configure:14639: result: yes
configure:14645: checking for gai_strerror
configure:14645: /home/mtam/tamvm/SDK_rk3506/rk3506_linux6.1_rkr4_v1/prebuilts/gcc/linux-x86/arm/gcc-arm-10.3-2021.07-x86_64-arm-none-linux-gnueabihf/bin/arm-none-linux-gnueabihf-gcc -o conftest -g -O2   conftest.c  >&5
configure:14645: $? = 0
configure:14645: result: yes
configure:14651: checking for getaddrinfo
configure:14651: /home/mtam/tamvm/SDK_rk3506/rk3506_linux6.1_rkr4_v1/prebuilts/gcc/linux-x86/arm/gcc-arm-10.3-2021.07-x86_64-arm-none-linux-gnueabihf/bin/arm-none-linux-gnueabihf-gcc -o conftest -g -O2   conftest.c  >&5
configure:14651: $? = 0
configure:14651: result: yes
configure:14657: checking for gettimeofday
configure:14657: /home/mtam/tamvm/SDK_rk3506/rk3506_linux6.1_rkr4_v1/prebuilts/gcc/linux-x86/arm/gcc-arm-10.3-2021.07-x86_64-arm-none-linux-gnueabihf/bin/arm-none-linux-gnueabihf-gcc -o conftest -g -O2   conftest.c  >&5
configure:14657: $? = 0
configure:14657: result: yes
configure:14663: checking for inet_pton
configure:14663: /home/mtam/tamvm/SDK_rk3506/rk3506_linux6.1_rkr4_v1/prebuilts/gcc/linux-x86/arm/gcc-arm-10.3-2021.07-x86_64-arm-none-linux-gnueabihf/bin/arm-none-linux-gnueabihf-gcc -o conftest -g -O2   conftest.c  >&5
configure:14663: $? = 0
configure:14663: result: yes
configure:14669: checking for inet_ntop
configure:14669: /home/mtam/tamvm/SDK_rk3506/rk3506_linux6.1_rkr4_v1/prebuilts/gcc/linux-x86/arm/gcc-arm-10.3-2021.07-x86_64-arm-none-linux-gnueabihf/bin/arm-none-linux-gnueabihf-gcc -o conftest -g -O2   conftest.c  >&5
configure:14669: $? = 0
configure:14669: result: yes
configure:14675: checking for select
configure:14675: /home/mtam/tamvm/SDK_rk3506/rk3506_linux6.1_rkr4_v1/prebuilts/gcc/linux-x86/arm/gcc-arm-10.3-2021.07-x86_64-arm-none-linux-gnueabihf/bin/arm-none-linux-gnueabihf-gcc -o conftest -g -O2   conftest.c  >&5
configure:14675: $? = 0
configure:14675: result: yes
configure:14681: checking for socket
configure:14681: /home/mtam/tamvm/SDK_rk3506/rk3506_linux6.1_rkr4_v1/prebuilts/gcc/linux-x86/arm/gcc-arm-10.3-2021.07-x86_64-arm-none-linux-gnueabihf/bin/arm-none-linux-gnueabihf-gcc -o conftest -g -O2   conftest.c  >&5
configure:14681: $? = 0
configure:14681: result: yes
configure:14687: checking for strerror
configure:14687: /home/mtam/tamvm/SDK_rk3506/rk3506_linux6.1_rkr4_v1/prebuilts/gcc/linux-x86/arm/gcc-arm-10.3-2021.07-x86_64-arm-none-linux-gnueabihf/bin/arm-none-linux-gnueabihf-gcc -o conftest -g -O2   conftest.c  >&5
configure:14687: $? = 0
configure:14687: result: yes
configure:14693: checking for strlcpy
configure:14693: /home/mtam/tamvm/SDK_rk3506/rk3506_linux6.1_rkr4_v1/prebuilts/gcc/linux-x86/arm/gcc-arm-10.3-2021.07-x86_64-arm-none-linux-gnueabihf/bin/arm-none-linux-gnueabihf-gcc -o conftest -g -O2   conftest.c  >&5
/home/mtam/tamvm/SDK_rk3506/rk3506_linux6.1_rkr4_v1/prebuilts/gcc/linux-x86/arm/gcc-arm-10.3-2021.07-x86_64-arm-none-linux-gnueabihf/bin/../lib/gcc/arm-none-linux-gnueabihf/10.3.1/../../../../arm-none-linux-gnueabihf/bin/ld: /tmp/cclKRJlb.o: in function `main':
/home/mtam/tamvm/SDK_rk3506/hello/libmodbus/conftest.c:96: undefined reference to `strlcpy'
collect2: error: ld returned 1 exit status
configure:14693: $? = 1
configure: failed program was:
| /* confdefs.h */
| #define PACKAGE_NAME "libmodbus"
| #define PACKAGE_TARNAME "libmodbus"
| #define PACKAGE_VERSION "3.1.11"
| #define PACKAGE_STRING "libmodbus 3.1.11"
| #define PACKAGE_BUGREPORT "https://github.com/stephane/libmodbus/issues"
| #define PACKAGE_URL "http://libmodbus.org/"
| #define PACKAGE "libmodbus"
| #define VERSION "3.1.11"
| #define HAVE_STDIO_H 1
| #define HAVE_STDLIB_H 1
| #define HAVE_STRING_H 1
| #define HAVE_INTTYPES_H 1
| #define HAVE_STDINT_H 1
| #define HAVE_STRINGS_H 1
| #define HAVE_SYS_STAT_H 1
| #define HAVE_SYS_TYPES_H 1
| #define HAVE_UNISTD_H 1
| #define HAVE_WCHAR_H 1
| #define STDC_HEADERS 1
| #define _ALL_SOURCE 1
| #define _DARWIN_C_SOURCE 1
| #define _GNU_SOURCE 1
| #define _HPUX_ALT_XOPEN_SOCKET_API 1
| #define _NETBSD_SOURCE 1
| #define _OPENBSD_SOURCE 1
| #define _POSIX_PTHREAD_SEMANTICS 1
| #define __STDC_WANT_IEC_60559_ATTRIBS_EXT__ 1
| #define __STDC_WANT_IEC_60559_BFP_EXT__ 1
| #define __STDC_WANT_IEC_60559_DFP_EXT__ 1
| #define __STDC_WANT_IEC_60559_EXT__ 1
| #define __STDC_WANT_IEC_60559_FUNCS_EXT__ 1
| #define __STDC_WANT_IEC_60559_TYPES_EXT__ 1
| #define __STDC_WANT_LIB_EXT2__ 1
| #define __STDC_WANT_MATH_SPEC_FUNCS__ 1
| #define _TANDEM_SOURCE 1
| #define __EXTENSIONS__ 1
| #define _FILE_OFFSET_BITS 64
| #define HAVE_DLFCN_H 1
| #define LT_OBJDIR ".libs/"
| #define HAVE_ARPA_INET_H 1
| #define HAVE_BYTESWAP_H 1
| #define HAVE_ERRNO_H 1
| #define HAVE_FCNTL_H 1
| #define HAVE_LIMITS_H 1
| #define HAVE_LINUX_SERIAL_H 1
| #define HAVE_NETDB_H 1
| #define HAVE_NETINET_IN_H 1
| #define HAVE_NETINET_IP_H 1
| #define HAVE_NETINET_TCP_H 1
| #define HAVE_SYS_IOCTL_H 1
| #define HAVE_SYS_SOCKET_H 1
| #define HAVE_SYS_TIME_H 1
| #define HAVE_SYS_TYPES_H 1
| #define HAVE_TERMIOS_H 1
| #define HAVE_TIME_H 1
| #define HAVE_UNISTD_H 1
| #define HAVE_DECL___CYGWIN__ 0
| #define HAVE_ACCEPT4 1
| #define HAVE_GAI_STRERROR 1
| #define HAVE_GETADDRINFO 1
| #define HAVE_GETTIMEOFDAY 1
| #define HAVE_INET_PTON 1
| #define HAVE_INET_NTOP 1
| #define HAVE_SELECT 1
| #define HAVE_SOCKET 1
| #define HAVE_STRERROR 1
| /* end confdefs.h.  */
| /* Define strlcpy to an innocuous variant, in case <limits.h> declares strlcpy.
|    For example, HP-UX 11i <limits.h> declares gettimeofday.  */
| #define strlcpy innocuous_strlcpy
| 
| /* System header to define __stub macros and hopefully few prototypes,
|    which can conflict with char strlcpy (void); below.  */
| 
| #include <limits.h>
| #undef strlcpy
| 
| /* Override any GCC internal prototype to avoid an error.
|    Use char because int might match the return type of a GCC
|    builtin and then its argument prototype would still apply.  */
| #ifdef __cplusplus
| extern "C"
| #endif
| char strlcpy (void);
| /* The GNU C library defines this for functions which it implements
|     to always fail with ENOSYS.  Some functions are actually named
|     something starting with __ and the normal name is an alias.  */
| #if defined __stub_strlcpy || defined __stub___strlcpy
| choke me
| #endif
| 
| int
| main (void)
| {
| return strlcpy ();
|   ;
|   return 0;
| }
configure:14693: result: no
configure:14707: checking for inline
configure:14724: /home/mtam/tamvm/SDK_rk3506/rk3506_linux6.1_rkr4_v1/prebuilts/gcc/linux-x86/arm/gcc-arm-10.3-2021.07-x86_64-arm-none-linux-gnueabihf/bin/arm-none-linux-gnueabihf-gcc -c -g -O2  conftest.c >&5
configure:14724: $? = 0
configure:14734: result: inline
configure:14774: checking for arm-none-linux-gnueabihf-g++
configure:14810: result: no
configure:14774: checking for arm-none-linux-gnueabihf-c++
configure:14810: result: no
configure:14774: checking for arm-none-linux-gnueabihf-gpp
configure:14810: result: no
configure:14774: checking for arm-none-linux-gnueabihf-aCC
configure:14810: result: no
configure:14774: checking for arm-none-linux-gnueabihf-CC
configure:14810: result: no
configure:14774: checking for arm-none-linux-gnueabihf-cxx
configure:14810: result: no
configure:14774: checking for arm-none-linux-gnueabihf-cc++
configure:14810: result: no
configure:14774: checking for arm-none-linux-gnueabihf-cl.exe
configure:14810: result: no
configure:14774: checking for arm-none-linux-gnueabihf-FCC
configure:14810: result: no
configure:14774: checking for arm-none-linux-gnueabihf-KCC
configure:14810: result: no
configure:14774: checking for arm-none-linux-gnueabihf-RCC
configure:14810: result: no
configure:14774: checking for arm-none-linux-gnueabihf-xlC_r
configure:14810: result: no
configure:14774: checking for arm-none-linux-gnueabihf-xlC
configure:14810: result: no
configure:14774: checking for arm-none-linux-gnueabihf-clang++
configure:14810: result: no
configure:14824: checking for g++
configure:14845: found /usr/bin/g++
configure:14857: result: g++
configure:14884: checking for C++ compiler version
configure:14893: g++ --version >&5
g++ (Ubuntu 13.3.0-6ubuntu2~24.04) 13.3.0
Copyright (C) 2023 Free Software Foundation, Inc.
This is free software; see the source for copying conditions.  There is NO
warranty; not even for MERCHANTABILITY or FITNESS FOR A PARTICULAR PURPOSE.

configure:14904: $? = 0
configure:14893: g++ -v >&5
Using built-in specs.
COLLECT_GCC=g++
COLLECT_LTO_WRAPPER=/usr/libexec/gcc/x86_64-linux-gnu/13/lto-wrapper
OFFLOAD_TARGET_NAMES=nvptx-none:amdgcn-amdhsa
OFFLOAD_TARGET_DEFAULT=1
Target: x86_64-linux-gnu
Configured with: ../src/configure -v --with-pkgversion='Ubuntu 13.3.0-6ubuntu2~24.04' --with-bugurl=file:///usr/share/doc/gcc-13/README.Bugs --enable-languages=c,ada,c++,go,d,fortran,objc,obj-c++,m2 --prefix=/usr --with-gcc-major-version-only --program-suffix=-13 --program-prefix=x86_64-linux-gnu- --enable-shared --enable-linker-build-id --libexecdir=/usr/libexec --without-included-gettext --enable-threads=posix --libdir=/usr/lib --enable-nls --enable-bootstrap --enable-clocale=gnu --enable-libstdcxx-debug --enable-libstdcxx-time=yes --with-default-libstdcxx-abi=new --enable-libstdcxx-backtrace --enable-gnu-unique-object --disable-vtable-verify --enable-plugin --enable-default-pie --with-system-zlib --enable-libphobos-checking=release --with-target-system-zlib=auto --enable-objc-gc=auto --enable-multiarch --disable-werror --enable-cet --with-arch-32=i686 --with-abi=m64 --with-multilib-list=m32,m64,mx32 --enable-multilib --with-tune=generic --enable-offload-targets=nvptx-none=/build/gcc-13-fG75Ri/gcc-13-13.3.0/debian/tmp-nvptx/usr,amdgcn-amdhsa=/build/gcc-13-fG75Ri/gcc-13-13.3.0/debian/tmp-gcn/usr --enable-offload-defaulted --without-cuda-driver --enable-checking=release --build=x86_64-linux-gnu --host=x86_64-linux-gnu --target=x86_64-linux-gnu --with-build-config=bootstrap-lto-lean --enable-link-serialization=2
Thread model: posix
Supported LTO compression algorithms: zlib zstd
gcc version 13.3.0 (Ubuntu 13.3.0-6ubuntu2~24.04) 
... rest of stderr output deleted ...
configure:14904: $? = 0
configure:14893: g++ -V >&5
g++: error: unrecognized command-line option '-V'
g++: fatal error: no input files
compilation terminated.
configure:14904: $? = 1
configure:14893: g++ -qversion >&5
g++: error: unrecognized command-line option '-qversion'; did you mean '--version'?
g++: fatal error: no input files
compilation terminated.
configure:14904: $? = 1
configure:14908: checking whether the compiler supports GNU C++
configure:14928: g++ -c   conftest.cpp >&5
configure:14928: $? = 0
configure:14940: result: yes
configure:14951: checking whether g++ accepts -g
configure:14972: g++ -c -g  conftest.cpp >&5
configure:14972: $? = 0
configure:15019: result: yes
configure:15039: checking for g++ option to enable C++11 features
configure:15054: g++  -c -g -O2  conftest.cpp >&5
conftest.cpp: In function 'int main(int, char**)':
conftest.cpp:236:25: warning: empty parentheses were disambiguated as a function declaration [-Wvexing-parse]
  236 |   cxx11test::delegate d2();
      |                         ^~
conftest.cpp:236:25: note: remove parentheses to default-initialize a variable
  236 |   cxx11test::delegate d2();
      |                         ^~
      |                         --
conftest.cpp:236:25: note: or replace parentheses with braces to value-initialize a variable
configure:15054: $? = 0
configure:15073: result: none needed
configure:15144: checking dependency style of g++
configure:15257: result: gcc3
configure:15290: checking how to run the C++ preprocessor
configure:15312: g++ -E  conftest.cpp
configure:15312: $? = 0
configure:15328: g++ -E  conftest.cpp
conftest.cpp:70:10: fatal error: ac_nonexistent.h: No such file or directory
   70 | #include <ac_nonexistent.h>
      |          ^~~~~~~~~~~~~~~~~~
compilation terminated.
configure:15328: $? = 1
configure: failed program was:
| /* confdefs.h */
| #define PACKAGE_NAME "libmodbus"
| #define PACKAGE_TARNAME "libmodbus"
| #define PACKAGE_VERSION "3.1.11"
| #define PACKAGE_STRING "libmodbus 3.1.11"
| #define PACKAGE_BUGREPORT "https://github.com/stephane/libmodbus/issues"
| #define PACKAGE_URL "http://libmodbus.org/"
| #define PACKAGE "libmodbus"
| #define VERSION "3.1.11"
| #define HAVE_STDIO_H 1
| #define HAVE_STDLIB_H 1
| #define HAVE_STRING_H 1
| #define HAVE_INTTYPES_H 1
| #define HAVE_STDINT_H 1
| #define HAVE_STRINGS_H 1
| #define HAVE_SYS_STAT_H 1
| #define HAVE_SYS_TYPES_H 1
| #define HAVE_UNISTD_H 1
| #define HAVE_WCHAR_H 1
| #define STDC_HEADERS 1
| #define _ALL_SOURCE 1
| #define _DARWIN_C_SOURCE 1
| #define _GNU_SOURCE 1
| #define _HPUX_ALT_XOPEN_SOCKET_API 1
| #define _NETBSD_SOURCE 1
| #define _OPENBSD_SOURCE 1
| #define _POSIX_PTHREAD_SEMANTICS 1
| #define __STDC_WANT_IEC_60559_ATTRIBS_EXT__ 1
| #define __STDC_WANT_IEC_60559_BFP_EXT__ 1
| #define __STDC_WANT_IEC_60559_DFP_EXT__ 1
| #define __STDC_WANT_IEC_60559_EXT__ 1
| #define __STDC_WANT_IEC_60559_FUNCS_EXT__ 1
| #define __STDC_WANT_IEC_60559_TYPES_EXT__ 1
| #define __STDC_WANT_LIB_EXT2__ 1
| #define __STDC_WANT_MATH_SPEC_FUNCS__ 1
| #define _TANDEM_SOURCE 1
| #define __EXTENSIONS__ 1
| #define _FILE_OFFSET_BITS 64
| #define HAVE_DLFCN_H 1
| #define LT_OBJDIR ".libs/"
| #define HAVE_ARPA_INET_H 1
| #define HAVE_BYTESWAP_H 1
| #define HAVE_ERRNO_H 1
| #define HAVE_FCNTL_H 1
| #define HAVE_LIMITS_H 1
| #define HAVE_LINUX_SERIAL_H 1
| #define HAVE_NETDB_H 1
| #define HAVE_NETINET_IN_H 1
| #define HAVE_NETINET_IP_H 1
| #define HAVE_NETINET_TCP_H 1
| #define HAVE_SYS_IOCTL_H 1
| #define HAVE_SYS_SOCKET_H 1
| #define HAVE_SYS_TIME_H 1
| #define HAVE_SYS_TYPES_H 1
| #define HAVE_TERMIOS_H 1
| #define HAVE_TIME_H 1
| #define HAVE_UNISTD_H 1
| #define HAVE_DECL___CYGWIN__ 0
| #define HAVE_ACCEPT4 1
| #define HAVE_GAI_STRERROR 1
| #define HAVE_GETADDRINFO 1
| #define HAVE_GETTIMEOFDAY 1
| #define HAVE_INET_PTON 1
| #define HAVE_INET_NTOP 1
| #define HAVE_SELECT 1
| #define HAVE_SOCKET 1
| #define HAVE_STRERROR 1
| #define WINVER 0x0501
| /* end confdefs.h.  */
| #include <ac_nonexistent.h>
configure:15357: result: g++ -E
configure:15371: g++ -E  conftest.cpp
configure:15371: $? = 0
configure:15387: g++ -E  conftest.cpp
conftest.cpp:70:10: fatal error: ac_nonexistent.h: No such file or directory
   70 | #include <ac_nonexistent.h>
      |          ^~~~~~~~~~~~~~~~~~
compilation terminated.
configure:15387: $? = 1
configure: failed program was:
| /* confdefs.h */
| #define PACKAGE_NAME "libmodbus"
| #define PACKAGE_TARNAME "libmodbus"
| #define PACKAGE_VERSION "3.1.11"
| #define PACKAGE_STRING "libmodbus 3.1.11"
| #define PACKAGE_BUGREPORT "https://github.com/stephane/libmodbus/issues"
| #define PACKAGE_URL "http://libmodbus.org/"
| #define PACKAGE "libmodbus"
| #define VERSION "3.1.11"
| #define HAVE_STDIO_H 1
| #define HAVE_STDLIB_H 1
| #define HAVE_STRING_H 1
| #define HAVE_INTTYPES_H 1
| #define HAVE_STDINT_H 1
| #define HAVE_STRINGS_H 1
| #define HAVE_SYS_STAT_H 1
| #define HAVE_SYS_TYPES_H 1
| #define HAVE_UNISTD_H 1
| #define HAVE_WCHAR_H 1
| #define STDC_HEADERS 1
| #define _ALL_SOURCE 1
| #define _DARWIN_C_SOURCE 1
| #define _GNU_SOURCE 1
| #define _HPUX_ALT_XOPEN_SOCKET_API 1
| #define _NETBSD_SOURCE 1
| #define _OPENBSD_SOURCE 1
| #define _POSIX_PTHREAD_SEMANTICS 1
| #define __STDC_WANT_IEC_60559_ATTRIBS_EXT__ 1
| #define __STDC_WANT_IEC_60559_BFP_EXT__ 1
| #define __STDC_WANT_IEC_60559_DFP_EXT__ 1
| #define __STDC_WANT_IEC_60559_EXT__ 1
| #define __STDC_WANT_IEC_60559_FUNCS_EXT__ 1
| #define __STDC_WANT_IEC_60559_TYPES_EXT__ 1
| #define __STDC_WANT_LIB_EXT2__ 1
| #define __STDC_WANT_MATH_SPEC_FUNCS__ 1
| #define _TANDEM_SOURCE 1
| #define __EXTENSIONS__ 1
| #define _FILE_OFFSET_BITS 64
| #define HAVE_DLFCN_H 1
| #define LT_OBJDIR ".libs/"
| #define HAVE_ARPA_INET_H 1
| #define HAVE_BYTESWAP_H 1
| #define HAVE_ERRNO_H 1
| #define HAVE_FCNTL_H 1
| #define HAVE_LIMITS_H 1
| #define HAVE_LINUX_SERIAL_H 1
| #define HAVE_NETDB_H 1
| #define HAVE_NETINET_IN_H 1
| #define HAVE_NETINET_IP_H 1
| #define HAVE_NETINET_TCP_H 1
| #define HAVE_SYS_IOCTL_H 1
| #define HAVE_SYS_SOCKET_H 1
| #define HAVE_SYS_TIME_H 1
| #define HAVE_SYS_TYPES_H 1
| #define HAVE_TERMIOS_H 1
| #define HAVE_TIME_H 1
| #define HAVE_UNISTD_H 1
| #define HAVE_DECL___CYGWIN__ 0
| #define HAVE_ACCEPT4 1
| #define HAVE_GAI_STRERROR 1
| #define HAVE_GETADDRINFO 1
| #define HAVE_GETTIMEOFDAY 1
| #define HAVE_INET_PTON 1
| #define HAVE_INET_NTOP 1
| #define HAVE_SELECT 1
| #define HAVE_SOCKET 1
| #define HAVE_STRERROR 1
| #define WINVER 0x0501
| /* end confdefs.h.  */
| #include <ac_nonexistent.h>
configure:15555: checking for ld used by g++
configure:15624: result: /home/mtam/tamvm/SDK_rk3506/rk3506_linux6.1_rkr4_v1/prebuilts/gcc/linux-x86/arm/gcc-arm-10.3-2021.07-x86_64-arm-none-linux-gnueabihf/arm-none-linux-gnueabihf/bin/ld
configure:15631: checking if the linker (/home/mtam/tamvm/SDK_rk3506/rk3506_linux6.1_rkr4_v1/prebuilts/gcc/linux-x86/arm/gcc-arm-10.3-2021.07-x86_64-arm-none-linux-gnueabihf/arm-none-linux-gnueabihf/bin/ld) is GNU ld
configure:15648: result: yes
configure:15702: checking whether the g++ linker (/home/mtam/tamvm/SDK_rk3506/rk3506_linux6.1_rkr4_v1/prebuilts/gcc/linux-x86/arm/gcc-arm-10.3-2021.07-x86_64-arm-none-linux-gnueabihf/arm-none-linux-gnueabihf/bin/ld) supports shared libraries
configure:16782: result: yes
configure:16818: g++ -c -g -O2  conftest.cpp >&5
configure:16821: $? = 0
configure:17303: checking for g++ option to produce PIC
configure:17312: result: -fPIC -DPIC
configure:17320: checking if g++ PIC flag -fPIC -DPIC works
configure:17339: g++ -c -g -O2  -fPIC -DPIC -DPIC conftest.cpp >&5
configure:17343: $? = 0
configure:17357: result: yes
configure:17380: checking if g++ static flag -static works
configure:17410: result: yes
configure:17422: checking if g++ supports -c -o file.o
configure:17444: g++ -c -g -O2  -o out/conftest2.o conftest.cpp >&5
configure:17448: $? = 0
configure:17471: result: yes
configure:17476: checking if g++ supports -c -o file.o
configure:17525: result: yes
configure:17555: checking whether the g++ linker (/home/mtam/tamvm/SDK_rk3506/rk3506_linux6.1_rkr4_v1/prebuilts/gcc/linux-x86/arm/gcc-arm-10.3-2021.07-x86_64-arm-none-linux-gnueabihf/arm-none-linux-gnueabihf/bin/ld) supports shared libraries
configure:17595: result: yes
configure:17738: checking dynamic linker characteristics
configure:18523: result: GNU/Linux ld.so
configure:18588: checking how to hardcode library paths into programs
configure:18613: result: immediate
configure:18655: checking for int64_t
configure:18655: /home/mtam/tamvm/SDK_rk3506/rk3506_linux6.1_rkr4_v1/prebuilts/gcc/linux-x86/arm/gcc-arm-10.3-2021.07-x86_64-arm-none-linux-gnueabihf/bin/arm-none-linux-gnueabihf-gcc -c -g -O2  conftest.c >&5
configure:18655: $? = 0
configure:18655: /home/mtam/tamvm/SDK_rk3506/rk3506_linux6.1_rkr4_v1/prebuilts/gcc/linux-x86/arm/gcc-arm-10.3-2021.07-x86_64-arm-none-linux-gnueabihf/bin/arm-none-linux-gnueabihf-gcc -c -g -O2  conftest.c >&5
conftest.c: In function 'main':
conftest.c:103:53: warning: integer overflow in expression of type 'long long int' results in '-9223372036854775808' [-Woverflow]
  103 |    < (int64_t) (((((int64_t) 1 << N) << N) - 1) * 2 + 2))];
      |                                                     ^
conftest.c:102:12: error: storage size of 'test_array' isn't constant
  102 | static int test_array [1 - 2 * !((int64_t) (((((int64_t) 1 << N) << N) - 1) * 2 + 1)
      |            ^~~~~~~~~~
configure:18655: $? = 1
configure: failed program was:
| /* confdefs.h */
| #define PACKAGE_NAME "libmodbus"
| #define PACKAGE_TARNAME "libmodbus"
| #define PACKAGE_VERSION "3.1.11"
| #define PACKAGE_STRING "libmodbus 3.1.11"
| #define PACKAGE_BUGREPORT "https://github.com/stephane/libmodbus/issues"
| #define PACKAGE_URL "http://libmodbus.org/"
| #define PACKAGE "libmodbus"
| #define VERSION "3.1.11"
| #define HAVE_STDIO_H 1
| #define HAVE_STDLIB_H 1
| #define HAVE_STRING_H 1
| #define HAVE_INTTYPES_H 1
| #define HAVE_STDINT_H 1
| #define HAVE_STRINGS_H 1
| #define HAVE_SYS_STAT_H 1
| #define HAVE_SYS_TYPES_H 1
| #define HAVE_UNISTD_H 1
| #define HAVE_WCHAR_H 1
| #define STDC_HEADERS 1
| #define _ALL_SOURCE 1
| #define _DARWIN_C_SOURCE 1
| #define _GNU_SOURCE 1
| #define _HPUX_ALT_XOPEN_SOCKET_API 1
| #define _NETBSD_SOURCE 1
| #define _OPENBSD_SOURCE 1
| #define _POSIX_PTHREAD_SEMANTICS 1
| #define __STDC_WANT_IEC_60559_ATTRIBS_EXT__ 1
| #define __STDC_WANT_IEC_60559_BFP_EXT__ 1
| #define __STDC_WANT_IEC_60559_DFP_EXT__ 1
| #define __STDC_WANT_IEC_60559_EXT__ 1
| #define __STDC_WANT_IEC_60559_FUNCS_EXT__ 1
| #define __STDC_WANT_IEC_60559_TYPES_EXT__ 1
| #define __STDC_WANT_LIB_EXT2__ 1
| #define __STDC_WANT_MATH_SPEC_FUNCS__ 1
| #define _TANDEM_SOURCE 1
| #define __EXTENSIONS__ 1
| #define _FILE_OFFSET_BITS 64
| #define HAVE_DLFCN_H 1
| #define LT_OBJDIR ".libs/"
| #define HAVE_ARPA_INET_H 1
| #define HAVE_BYTESWAP_H 1
| #define HAVE_ERRNO_H 1
| #define HAVE_FCNTL_H 1
| #define HAVE_LIMITS_H 1
| #define HAVE_LINUX_SERIAL_H 1
| #define HAVE_NETDB_H 1
| #define HAVE_NETINET_IN_H 1
| #define HAVE_NETINET_IP_H 1
| #define HAVE_NETINET_TCP_H 1
| #define HAVE_SYS_IOCTL_H 1
| #define HAVE_SYS_SOCKET_H 1
| #define HAVE_SYS_TIME_H 1
| #define HAVE_SYS_TYPES_H 1
| #define HAVE_TERMIOS_H 1
| #define HAVE_TIME_H 1
| #define HAVE_UNISTD_H 1
| #define HAVE_DECL___CYGWIN__ 0
| #define HAVE_ACCEPT4 1
| #define HAVE_GAI_STRERROR 1
| #define HAVE_GETADDRINFO 1
| #define HAVE_GETTIMEOFDAY 1
| #define HAVE_INET_PTON 1
| #define HAVE_INET_NTOP 1
| #define HAVE_SELECT 1
| #define HAVE_SOCKET 1
| #define HAVE_STRERROR 1
| #define WINVER 0x0501
| /* end confdefs.h.  */
| #include <stddef.h>
| #ifdef HAVE_STDIO_H
| # include <stdio.h>
| #endif
| #ifdef HAVE_STDLIB_H
| # include <stdlib.h>
| #endif
| #ifdef HAVE_STRING_H
| # include <string.h>
| #endif
| #ifdef HAVE_INTTYPES_H
| # include <inttypes.h>
| #endif
| #ifdef HAVE_STDINT_H
| # include <stdint.h>
| #endif
| #ifdef HAVE_STRINGS_H
| # include <strings.h>
| #endif
| #ifdef HAVE_SYS_TYPES_H
| # include <sys/types.h>
| #endif
| #ifdef HAVE_SYS_STAT_H
| # include <sys/stat.h>
| #endif
| #ifdef HAVE_UNISTD_H
| # include <unistd.h>
| #endif
| 	        enum { N = 64 / 2 - 1 };
| int
| main (void)
| {
| static int test_array [1 - 2 * !((int64_t) (((((int64_t) 1 << N) << N) - 1) * 2 + 1)
| 		 < (int64_t) (((((int64_t) 1 << N) << N) - 1) * 2 + 2))];
| test_array [0] = 0;
| return test_array [0];
| 
|   ;
|   return 0;
| }
configure:18655: result: yes
configure:18664: checking for size_t
configure:18664: /home/mtam/tamvm/SDK_rk3506/rk3506_linux6.1_rkr4_v1/prebuilts/gcc/linux-x86/arm/gcc-arm-10.3-2021.07-x86_64-arm-none-linux-gnueabihf/bin/arm-none-linux-gnueabihf-gcc -c -g -O2  conftest.c >&5
configure:18664: $? = 0
configure:18664: /home/mtam/tamvm/SDK_rk3506/rk3506_linux6.1_rkr4_v1/prebuilts/gcc/linux-x86/arm/gcc-arm-10.3-2021.07-x86_64-arm-none-linux-gnueabihf/bin/arm-none-linux-gnueabihf-gcc -c -g -O2  conftest.c >&5
conftest.c: In function 'main':
conftest.c:101:21: error: expected expression before ')' token
  101 | if (sizeof ((size_t)))
      |                     ^
configure:18664: $? = 1
configure: failed program was:
| /* confdefs.h */
| #define PACKAGE_NAME "libmodbus"
| #define PACKAGE_TARNAME "libmodbus"
| #define PACKAGE_VERSION "3.1.11"
| #define PACKAGE_STRING "libmodbus 3.1.11"
| #define PACKAGE_BUGREPORT "https://github.com/stephane/libmodbus/issues"
| #define PACKAGE_URL "http://libmodbus.org/"
| #define PACKAGE "libmodbus"
| #define VERSION "3.1.11"
| #define HAVE_STDIO_H 1
| #define HAVE_STDLIB_H 1
| #define HAVE_STRING_H 1
| #define HAVE_INTTYPES_H 1
| #define HAVE_STDINT_H 1
| #define HAVE_STRINGS_H 1
| #define HAVE_SYS_STAT_H 1
| #define HAVE_SYS_TYPES_H 1
| #define HAVE_UNISTD_H 1
| #define HAVE_WCHAR_H 1
| #define STDC_HEADERS 1
| #define _ALL_SOURCE 1
| #define _DARWIN_C_SOURCE 1
| #define _GNU_SOURCE 1
| #define _HPUX_ALT_XOPEN_SOCKET_API 1
| #define _NETBSD_SOURCE 1
| #define _OPENBSD_SOURCE 1
| #define _POSIX_PTHREAD_SEMANTICS 1
| #define __STDC_WANT_IEC_60559_ATTRIBS_EXT__ 1
| #define __STDC_WANT_IEC_60559_BFP_EXT__ 1
| #define __STDC_WANT_IEC_60559_DFP_EXT__ 1
| #define __STDC_WANT_IEC_60559_EXT__ 1
| #define __STDC_WANT_IEC_60559_FUNCS_EXT__ 1
| #define __STDC_WANT_IEC_60559_TYPES_EXT__ 1
| #define __STDC_WANT_LIB_EXT2__ 1
| #define __STDC_WANT_MATH_SPEC_FUNCS__ 1
| #define _TANDEM_SOURCE 1
| #define __EXTENSIONS__ 1
| #define _FILE_OFFSET_BITS 64
| #define HAVE_DLFCN_H 1
| #define LT_OBJDIR ".libs/"
| #define HAVE_ARPA_INET_H 1
| #define HAVE_BYTESWAP_H 1
| #define HAVE_ERRNO_H 1
| #define HAVE_FCNTL_H 1
| #define HAVE_LIMITS_H 1
| #define HAVE_LINUX_SERIAL_H 1
| #define HAVE_NETDB_H 1
| #define HAVE_NETINET_IN_H 1
| #define HAVE_NETINET_IP_H 1
| #define HAVE_NETINET_TCP_H 1
| #define HAVE_SYS_IOCTL_H 1
| #define HAVE_SYS_SOCKET_H 1
| #define HAVE_SYS_TIME_H 1
| #define HAVE_SYS_TYPES_H 1
| #define HAVE_TERMIOS_H 1
| #define HAVE_TIME_H 1
| #define HAVE_UNISTD_H 1
| #define HAVE_DECL___CYGWIN__ 0
| #define HAVE_ACCEPT4 1
| #define HAVE_GAI_STRERROR 1
| #define HAVE_GETADDRINFO 1
| #define HAVE_GETTIMEOFDAY 1
| #define HAVE_INET_PTON 1
| #define HAVE_INET_NTOP 1
| #define HAVE_SELECT 1
| #define HAVE_SOCKET 1
| #define HAVE_STRERROR 1
| #define WINVER 0x0501
| /* end confdefs.h.  */
| #include <stddef.h>
| #ifdef HAVE_STDIO_H
| # include <stdio.h>
| #endif
| #ifdef HAVE_STDLIB_H
| # include <stdlib.h>
| #endif
| #ifdef HAVE_STRING_H
| # include <string.h>
| #endif
| #ifdef HAVE_INTTYPES_H
| # include <inttypes.h>
| #endif
| #ifdef HAVE_STDINT_H
| # include <stdint.h>
| #endif
| #ifdef HAVE_STRINGS_H
| # include <strings.h>
| #endif
| #ifdef HAVE_SYS_TYPES_H
| # include <sys/types.h>
| #endif
| #ifdef HAVE_SYS_STAT_H
| # include <sys/stat.h>
| #endif
| #ifdef HAVE_UNISTD_H
| # include <unistd.h>
| #endif
| int
| main (void)
| {
| if (sizeof ((size_t)))
| 	    return 0;
|   ;
|   return 0;
| }
configure:18664: result: yes
configure:18675: checking for ssize_t
configure:18675: /home/mtam/tamvm/SDK_rk3506/rk3506_linux6.1_rkr4_v1/prebuilts/gcc/linux-x86/arm/gcc-arm-10.3-2021.07-x86_64-arm-none-linux-gnueabihf/bin/arm-none-linux-gnueabihf-gcc -c -g -O2  conftest.c >&5
configure:18675: $? = 0
configure:18675: /home/mtam/tamvm/SDK_rk3506/rk3506_linux6.1_rkr4_v1/prebuilts/gcc/linux-x86/arm/gcc-arm-10.3-2021.07-x86_64-arm-none-linux-gnueabihf/bin/arm-none-linux-gnueabihf-gcc -c -g -O2  conftest.c >&5
conftest.c: In function 'main':
conftest.c:101:22: error: expected expression before ')' token
  101 | if (sizeof ((ssize_t)))
      |                      ^
configure:18675: $? = 1
configure: failed program was:
| /* confdefs.h */
| #define PACKAGE_NAME "libmodbus"
| #define PACKAGE_TARNAME "libmodbus"
| #define PACKAGE_VERSION "3.1.11"
| #define PACKAGE_STRING "libmodbus 3.1.11"
| #define PACKAGE_BUGREPORT "https://github.com/stephane/libmodbus/issues"
| #define PACKAGE_URL "http://libmodbus.org/"
| #define PACKAGE "libmodbus"
| #define VERSION "3.1.11"
| #define HAVE_STDIO_H 1
| #define HAVE_STDLIB_H 1
| #define HAVE_STRING_H 1
| #define HAVE_INTTYPES_H 1
| #define HAVE_STDINT_H 1
| #define HAVE_STRINGS_H 1
| #define HAVE_SYS_STAT_H 1
| #define HAVE_SYS_TYPES_H 1
| #define HAVE_UNISTD_H 1
| #define HAVE_WCHAR_H 1
| #define STDC_HEADERS 1
| #define _ALL_SOURCE 1
| #define _DARWIN_C_SOURCE 1
| #define _GNU_SOURCE 1
| #define _HPUX_ALT_XOPEN_SOCKET_API 1
| #define _NETBSD_SOURCE 1
| #define _OPENBSD_SOURCE 1
| #define _POSIX_PTHREAD_SEMANTICS 1
| #define __STDC_WANT_IEC_60559_ATTRIBS_EXT__ 1
| #define __STDC_WANT_IEC_60559_BFP_EXT__ 1
| #define __STDC_WANT_IEC_60559_DFP_EXT__ 1
| #define __STDC_WANT_IEC_60559_EXT__ 1
| #define __STDC_WANT_IEC_60559_FUNCS_EXT__ 1
| #define __STDC_WANT_IEC_60559_TYPES_EXT__ 1
| #define __STDC_WANT_LIB_EXT2__ 1
| #define __STDC_WANT_MATH_SPEC_FUNCS__ 1
| #define _TANDEM_SOURCE 1
| #define __EXTENSIONS__ 1
| #define _FILE_OFFSET_BITS 64
| #define HAVE_DLFCN_H 1
| #define LT_OBJDIR ".libs/"
| #define HAVE_ARPA_INET_H 1
| #define HAVE_BYTESWAP_H 1
| #define HAVE_ERRNO_H 1
| #define HAVE_FCNTL_H 1
| #define HAVE_LIMITS_H 1
| #define HAVE_LINUX_SERIAL_H 1
| #define HAVE_NETDB_H 1
| #define HAVE_NETINET_IN_H 1
| #define HAVE_NETINET_IP_H 1
| #define HAVE_NETINET_TCP_H 1
| #define HAVE_SYS_IOCTL_H 1
| #define HAVE_SYS_SOCKET_H 1
| #define HAVE_SYS_TIME_H 1
| #define HAVE_SYS_TYPES_H 1
| #define HAVE_TERMIOS_H 1
| #define HAVE_TIME_H 1
| #define HAVE_UNISTD_H 1
| #define HAVE_DECL___CYGWIN__ 0
| #define HAVE_ACCEPT4 1
| #define HAVE_GAI_STRERROR 1
| #define HAVE_GETADDRINFO 1
| #define HAVE_GETTIMEOFDAY 1
| #define HAVE_INET_PTON 1
| #define HAVE_INET_NTOP 1
| #define HAVE_SELECT 1
| #define HAVE_SOCKET 1
| #define HAVE_STRERROR 1
| #define WINVER 0x0501
| /* end confdefs.h.  */
| #include <stddef.h>
| #ifdef HAVE_STDIO_H
| # include <stdio.h>
| #endif
| #ifdef HAVE_STDLIB_H
| # include <stdlib.h>
| #endif
| #ifdef HAVE_STRING_H
| # include <string.h>
| #endif
| #ifdef HAVE_INTTYPES_H
| # include <inttypes.h>
| #endif
| #ifdef HAVE_STDINT_H
| # include <stdint.h>
| #endif
| #ifdef HAVE_STRINGS_H
| # include <strings.h>
| #endif
| #ifdef HAVE_SYS_TYPES_H
| # include <sys/types.h>
| #endif
| #ifdef HAVE_SYS_STAT_H
| # include <sys/stat.h>
| #endif
| #ifdef HAVE_UNISTD_H
| # include <unistd.h>
| #endif
| int
| main (void)
| {
| if (sizeof ((ssize_t)))
| 	    return 0;
|   ;
|   return 0;
| }
configure:18675: result: yes
configure:18686: checking for uint16_t
configure:18686: /home/mtam/tamvm/SDK_rk3506/rk3506_linux6.1_rkr4_v1/prebuilts/gcc/linux-x86/arm/gcc-arm-10.3-2021.07-x86_64-arm-none-linux-gnueabihf/bin/arm-none-linux-gnueabihf-gcc -c -g -O2  conftest.c >&5
configure:18686: $? = 0
configure:18686: result: yes
configure:18696: checking for uint32_t
configure:18696: /home/mtam/tamvm/SDK_rk3506/rk3506_linux6.1_rkr4_v1/prebuilts/gcc/linux-x86/arm/gcc-arm-10.3-2021.07-x86_64-arm-none-linux-gnueabihf/bin/arm-none-linux-gnueabihf-gcc -c -g -O2  conftest.c >&5
configure:18696: $? = 0
configure:18696: result: yes
configure:18708: checking for uint8_t
configure:18708: /home/mtam/tamvm/SDK_rk3506/rk3506_linux6.1_rkr4_v1/prebuilts/gcc/linux-x86/arm/gcc-arm-10.3-2021.07-x86_64-arm-none-linux-gnueabihf/bin/arm-none-linux-gnueabihf-gcc -c -g -O2  conftest.c >&5
configure:18708: $? = 0
configure:18708: result: yes
configure:18725: checking for winsock2.h
configure:18725: /home/mtam/tamvm/SDK_rk3506/rk3506_linux6.1_rkr4_v1/prebuilts/gcc/linux-x86/arm/gcc-arm-10.3-2021.07-x86_64-arm-none-linux-gnueabihf/bin/arm-none-linux-gnueabihf-gcc -c -g -O2  conftest.c >&5
conftest.c:98:10: fatal error: winsock2.h: No such file or directory
   98 | #include <winsock2.h>
      |          ^~~~~~~~~~~~
compilation terminated.
configure:18725: $? = 1
configure: failed program was:
| /* confdefs.h */
| #define PACKAGE_NAME "libmodbus"
| #define PACKAGE_TARNAME "libmodbus"
| #define PACKAGE_VERSION "3.1.11"
| #define PACKAGE_STRING "libmodbus 3.1.11"
| #define PACKAGE_BUGREPORT "https://github.com/stephane/libmodbus/issues"
| #define PACKAGE_URL "http://libmodbus.org/"
| #define PACKAGE "libmodbus"
| #define VERSION "3.1.11"
| #define HAVE_STDIO_H 1
| #define HAVE_STDLIB_H 1
| #define HAVE_STRING_H 1
| #define HAVE_INTTYPES_H 1
| #define HAVE_STDINT_H 1
| #define HAVE_STRINGS_H 1
| #define HAVE_SYS_STAT_H 1
| #define HAVE_SYS_TYPES_H 1
| #define HAVE_UNISTD_H 1
| #define HAVE_WCHAR_H 1
| #define STDC_HEADERS 1
| #define _ALL_SOURCE 1
| #define _DARWIN_C_SOURCE 1
| #define _GNU_SOURCE 1
| #define _HPUX_ALT_XOPEN_SOCKET_API 1
| #define _NETBSD_SOURCE 1
| #define _OPENBSD_SOURCE 1
| #define _POSIX_PTHREAD_SEMANTICS 1
| #define __STDC_WANT_IEC_60559_ATTRIBS_EXT__ 1
| #define __STDC_WANT_IEC_60559_BFP_EXT__ 1
| #define __STDC_WANT_IEC_60559_DFP_EXT__ 1
| #define __STDC_WANT_IEC_60559_EXT__ 1
| #define __STDC_WANT_IEC_60559_FUNCS_EXT__ 1
| #define __STDC_WANT_IEC_60559_TYPES_EXT__ 1
| #define __STDC_WANT_LIB_EXT2__ 1
| #define __STDC_WANT_MATH_SPEC_FUNCS__ 1
| #define _TANDEM_SOURCE 1
| #define __EXTENSIONS__ 1
| #define _FILE_OFFSET_BITS 64
| #define HAVE_DLFCN_H 1
| #define LT_OBJDIR ".libs/"
| #define HAVE_ARPA_INET_H 1
| #define HAVE_BYTESWAP_H 1
| #define HAVE_ERRNO_H 1
| #define HAVE_FCNTL_H 1
| #define HAVE_LIMITS_H 1
| #define HAVE_LINUX_SERIAL_H 1
| #define HAVE_NETDB_H 1
| #define HAVE_NETINET_IN_H 1
| #define HAVE_NETINET_IP_H 1
| #define HAVE_NETINET_TCP_H 1
| #define HAVE_SYS_IOCTL_H 1
| #define HAVE_SYS_SOCKET_H 1
| #define HAVE_SYS_TIME_H 1
| #define HAVE_SYS_TYPES_H 1
| #define HAVE_TERMIOS_H 1
| #define HAVE_TIME_H 1
| #define HAVE_UNISTD_H 1
| #define HAVE_DECL___CYGWIN__ 0
| #define HAVE_ACCEPT4 1
| #define HAVE_GAI_STRERROR 1
| #define HAVE_GETADDRINFO 1
| #define HAVE_GETTIMEOFDAY 1
| #define HAVE_INET_PTON 1
| #define HAVE_INET_NTOP 1
| #define HAVE_SELECT 1
| #define HAVE_SOCKET 1
| #define HAVE_STRERROR 1
| #define WINVER 0x0501
| /* end confdefs.h.  */
| #include <stddef.h>
| #ifdef HAVE_STDIO_H
| # include <stdio.h>
| #endif
| #ifdef HAVE_STDLIB_H
| # include <stdlib.h>
| #endif
| #ifdef HAVE_STRING_H
| # include <string.h>
| #endif
| #ifdef HAVE_INTTYPES_H
| # include <inttypes.h>
| #endif
| #ifdef HAVE_STDINT_H
| # include <stdint.h>
| #endif
| #ifdef HAVE_STRINGS_H
| # include <strings.h>
| #endif
| #ifdef HAVE_SYS_TYPES_H
| # include <sys/types.h>
| #endif
| #ifdef HAVE_SYS_STAT_H
| # include <sys/stat.h>
| #endif
| #ifdef HAVE_UNISTD_H
| # include <unistd.h>
| #endif
| #include <winsock2.h>
configure:18725: result: no
configure:18745: checking whether TIOCSRS485 is declared
configure:18745: /home/mtam/tamvm/SDK_rk3506/rk3506_linux6.1_rkr4_v1/prebuilts/gcc/linux-x86/arm/gcc-arm-10.3-2021.07-x86_64-arm-none-linux-gnueabihf/bin/arm-none-linux-gnueabihf-gcc -c -g -O2   conftest.c >&5
configure:18745: $? = 0
configure:18745: result: yes
configure:18757: checking whether TIOCM_RTS is declared
configure:18757: /home/mtam/tamvm/SDK_rk3506/rk3506_linux6.1_rkr4_v1/prebuilts/gcc/linux-x86/arm/gcc-arm-10.3-2021.07-x86_64-arm-none-linux-gnueabihf/bin/arm-none-linux-gnueabihf-gcc -c -g -O2   conftest.c >&5
configure:18757: $? = 0
configure:18757: result: yes
configure:18926: checking that generated files are newer than configure
configure:18932: result: done
configure:18989: creating ./config.status

## ---------------------- ##
## Running config.status. ##
## ---------------------- ##

This file was extended by libmodbus config.status 3.1.11, which was
generated by GNU Autoconf 2.72.  Invocation command line was

  CONFIG_FILES    = 
  CONFIG_HEADERS  = 
  CONFIG_LINKS    = 
  CONFIG_COMMANDS = 
  $ ./config.status 

on mtam

config.status:1223: creating Makefile
config.status:1223: creating src/Makefile
config.status:1223: creating src/modbus-version.h
config.status:1223: creating src/win32/modbus.dll.manifest
config.status:1223: creating tests/Makefile
config.status:1223: creating libmodbus.pc
config.status:1223: creating config.h
config.status:1404: config.h is unchanged
config.status:1223: creating tests/unit-test.h
config.status:1404: tests/unit-test.h is unchanged
config.status:1452: executing depfiles commands
config.status:1529: cd src       && sed -e '/# am--include-marker/d' Makefile         | make -f - am--depfiles
make: Nothing to be done for 'am--depfiles'.
config.status:1534: $? = 0
config.status:1529: cd tests       && sed -e '/# am--include-marker/d' Makefile         | make -f - am--depfiles
make: Nothing to be done for 'am--depfiles'.
config.status:1534: $? = 0
config.status:1452: executing libtool commands
configure:21418: result:
        libmodbus 3.1.11
        ===============

        prefix:                 /home/mtam/tamvm/SDK_rk3506/hello/libmodbus/build
        sysconfdir:             ${prefix}/etc
        libdir:                 ${exec_prefix}/lib
        includedir:             ${prefix}/include

        compiler:               /home/mtam/tamvm/SDK_rk3506/rk3506_linux6.1_rkr4_v1/prebuilts/gcc/linux-x86/arm/gcc-arm-10.3-2021.07-x86_64-arm-none-linux-gnueabihf/bin/arm-none-linux-gnueabihf-gcc
        cflags:                 -O2 -Wall -Wmissing-declarations -Wmissing-prototypes -Wnested-externs -Wpointer-arith -Wsign-compare -Wchar-subscripts -Wstrict-prototypes -Wshadow -Wformat-security
        ldflags:                

        tests:                  yes


## ---------------- ##
## Cache variables. ##
## ---------------- ##

ac_cv_build=x86_64-pc-linux-gnu
ac_cv_c_compiler_gnu=yes
ac_cv_c_inline=inline
ac_cv_c_int64_t=yes
ac_cv_c_uint16_t=yes
ac_cv_c_uint32_t=yes
ac_cv_c_uint8_t=yes
ac_cv_c_undeclared_builtin_options='none needed'
ac_cv_cxx_compiler_gnu=yes
ac_cv_env_CCC_set=
ac_cv_env_CCC_value=
ac_cv_env_CC_set=set
ac_cv_env_CC_value=/home/mtam/tamvm/SDK_rk3506/rk3506_linux6.1_rkr4_v1/prebuilts/gcc/linux-x86/arm/gcc-arm-10.3-2021.07-x86_64-arm-none-linux-gnueabihf/bin/arm-none-linux-gnueabihf-gcc
ac_cv_env_CFLAGS_set=
ac_cv_env_CFLAGS_value=
ac_cv_env_CPPFLAGS_set=
ac_cv_env_CPPFLAGS_value=
ac_cv_env_CXXCPP_set=
ac_cv_env_CXXCPP_value=
ac_cv_env_CXXFLAGS_set=
ac_cv_env_CXXFLAGS_value=
ac_cv_env_CXX_set=
ac_cv_env_CXX_value=
ac_cv_env_LDFLAGS_set=
ac_cv_env_LDFLAGS_value=
ac_cv_env_LIBS_set=
ac_cv_env_LIBS_value=
ac_cv_env_LT_SYS_LIBRARY_PATH_set=
ac_cv_env_LT_SYS_LIBRARY_PATH_value=
ac_cv_env_build_alias_set=
ac_cv_env_build_alias_value=
ac_cv_env_host_alias_set=set
ac_cv_env_host_alias_value=arm-none-linux-gnueabihf
ac_cv_env_target_alias_set=
ac_cv_env_target_alias_value=
ac_cv_func_accept4=yes
ac_cv_func_gai_strerror=yes
ac_cv_func_getaddrinfo=yes
ac_cv_func_gettimeofday=yes
ac_cv_func_inet_ntop=yes
ac_cv_func_inet_pton=yes
ac_cv_func_select=yes
ac_cv_func_socket=yes
ac_cv_func_strerror=yes
ac_cv_func_strlcpy=no
ac_cv_have_decl_TIOCM_RTS=yes
ac_cv_have_decl_TIOCSRS485=yes
ac_cv_have_decl___CYGWIN__=no
ac_cv_header_arpa_inet_h=yes
ac_cv_header_byteswap_h=yes
ac_cv_header_dlfcn_h=yes
ac_cv_header_errno_h=yes
ac_cv_header_fcntl_h=yes
ac_cv_header_inttypes_h=yes
ac_cv_header_limits_h=yes
ac_cv_header_linux_serial_h=yes
ac_cv_header_minix_config_h=no
ac_cv_header_netdb_h=yes
ac_cv_header_netinet_in_h=yes
ac_cv_header_netinet_ip_h=yes
ac_cv_header_netinet_tcp_h=yes
ac_cv_header_stdint_h=yes
ac_cv_header_stdio_h=yes
ac_cv_header_stdlib_h=yes
ac_cv_header_string_h=yes
ac_cv_header_strings_h=yes
ac_cv_header_sys_ioctl_h=yes
ac_cv_header_sys_params_h=no
ac_cv_header_sys_socket_h=yes
ac_cv_header_sys_stat_h=yes
ac_cv_header_sys_time_h=yes
ac_cv_header_sys_types_h=yes
ac_cv_header_termios_h=yes
ac_cv_header_time_h=yes
ac_cv_header_unistd_h=yes
ac_cv_header_wchar_h=yes
ac_cv_header_winsock2_h=no
ac_cv_host=arm-none-linux-gnueabihf
ac_cv_objext=o
ac_cv_path_EGREP='/usr/bin/grep -E'
ac_cv_path_EGREP_TRADITIONAL='/usr/bin/grep -E'
ac_cv_path_FGREP='/usr/bin/grep -F'
ac_cv_path_GREP=/usr/bin/grep
ac_cv_path_SED=/usr/bin/sed
ac_cv_path_install='/usr/bin/install -c'
ac_cv_path_lt_DD=/usr/bin/dd
ac_cv_path_mkdir=/usr/bin/mkdir
ac_cv_prog_AWK=mawk
ac_cv_prog_CC=/home/mtam/tamvm/SDK_rk3506/rk3506_linux6.1_rkr4_v1/prebuilts/gcc/linux-x86/arm/gcc-arm-10.3-2021.07-x86_64-arm-none-linux-gnueabihf/bin/arm-none-linux-gnueabihf-gcc
ac_cv_prog_CXXCPP='g++ -E'
ac_cv_prog_FILECMD=file
ac_cv_prog_STRIP=strip
ac_cv_prog_ac_ct_AR=ar
ac_cv_prog_ac_ct_CXX=g++
ac_cv_prog_ac_ct_DUMPBIN='link -dump'
ac_cv_prog_ac_ct_MANIFEST_TOOL=mt
ac_cv_prog_ac_ct_OBJDUMP=objdump
ac_cv_prog_ac_ct_RANLIB=ranlib
ac_cv_prog_ac_ct_STRIP=strip
ac_cv_prog_cc_c11=
ac_cv_prog_cc_g=yes
ac_cv_prog_cc_stdc=
ac_cv_prog_cxx_cxx11=
ac_cv_prog_cxx_g=yes
ac_cv_prog_cxx_stdcxx=
ac_cv_prog_make_make_set=yes
ac_cv_safe_to_define___extensions__=yes
ac_cv_search_accept='none required'
ac_cv_should_define__xopen_source=no
ac_cv_sys_largefile_opts=-D_FILE_OFFSET_BITS=64
ac_cv_type_size_t=yes
ac_cv_type_ssize_t=yes
am_cv_CC_dependencies_compiler_type=gcc3
am_cv_CXX_dependencies_compiler_type=gcc3
am_cv_filesystem_timestamp_resolution=0.01
am_cv_make_support_nested_variables=yes
am_cv_prog_cc_c_o=yes
am_cv_prog_tar_pax=gnutar
am_cv_sleep_fractional_seconds=yes
am_cv_xargs_n_works=yes
lt_cv_ar_at_file=@
lt_cv_archive_cmds_need_lc=no
lt_cv_deplibs_check_method=pass_all
lt_cv_file_magic_cmd='$MAGIC_CMD'
lt_cv_file_magic_test_file=
lt_cv_ld_reload_flag=-r
lt_cv_nm_interface='BSD nm'
lt_cv_objdir=.libs
lt_cv_path_LD=/home/mtam/tamvm/SDK_rk3506/rk3506_linux6.1_rkr4_v1/prebuilts/gcc/linux-x86/arm/gcc-arm-10.3-2021.07-x86_64-arm-none-linux-gnueabihf/arm-none-linux-gnueabihf/bin/ld
lt_cv_path_LDCXX=/home/mtam/tamvm/SDK_rk3506/rk3506_linux6.1_rkr4_v1/prebuilts/gcc/linux-x86/arm/gcc-arm-10.3-2021.07-x86_64-arm-none-linux-gnueabihf/arm-none-linux-gnueabihf/bin/ld
lt_cv_path_NM=no
lt_cv_path_manifest_tool=no
lt_cv_prog_compiler_c_o=yes
lt_cv_prog_compiler_c_o_CXX=yes
lt_cv_prog_compiler_pic='-fPIC -DPIC'
lt_cv_prog_compiler_pic_CXX='-fPIC -DPIC'
lt_cv_prog_compiler_pic_works=yes
lt_cv_prog_compiler_pic_works_CXX=yes
lt_cv_prog_compiler_rtti_exceptions=no
lt_cv_prog_compiler_static_works=yes
lt_cv_prog_compiler_static_works_CXX=yes
lt_cv_prog_gnu_ld=yes
lt_cv_prog_gnu_ldcxx=yes
lt_cv_sharedlib_from_linklib_cmd='printf %s\n'
lt_cv_shlibpath_overrides_runpath=no
lt_cv_sys_global_symbol_pipe='/usr/bin/sed -n -e '\''s/^.*[	 ]\([ABCDGIRSTW][ABCDGIRSTW]*\)[	 ][	 ]*\([_A-Za-z][_A-Za-z0-9]*\)$/\1 \2 \2/p'\'' | /usr/bin/sed '\''/ __gnu_lto/d'\'''
lt_cv_sys_global_symbol_to_c_name_address='/usr/bin/sed -n -e '\''s/^: \(.*\) .*$/  {"\1", (void *) 0},/p'\'' -e '\''s/^[ABCDGIRSTW][ABCDGIRSTW]* .* \(.*\)$/  {"\1", (void *) \&\1},/p'\'''
lt_cv_sys_global_symbol_to_c_name_address_lib_prefix='/usr/bin/sed -n -e '\''s/^: \(.*\) .*$/  {"\1", (void *) 0},/p'\'' -e '\''s/^[ABCDGIRSTW][ABCDGIRSTW]* .* \(lib.*\)$/  {"\1", (void *) \&\1},/p'\'' -e '\''s/^[ABCDGIRSTW][ABCDGIRSTW]* .* \(.*\)$/  {"lib\1", (void *) \&\1},/p'\'''
lt_cv_sys_global_symbol_to_cdecl='/usr/bin/sed -n -e '\''s/^T .* \(.*\)$/extern int \1();/p'\'' -e '\''s/^[ABCDGIRSTW][ABCDGIRSTW]* .* \(.*\)$/extern char \1;/p'\'''
lt_cv_sys_global_symbol_to_import=
lt_cv_sys_max_cmd_len=1572864
lt_cv_to_host_file_cmd=func_convert_file_noop
lt_cv_to_tool_file_cmd=func_convert_file_noop
lt_cv_truncate_bin='/usr/bin/dd bs=4096 count=1'

## ----------------- ##
## Output variables. ##
## ----------------- ##

ACLOCAL='${SHELL} '\''/home/mtam/tamvm/SDK_rk3506/hello/libmodbus/build-aux/missing'\'' aclocal-1.17'
AMDEPBACKSLASH='\'
AMDEP_FALSE='#'
AMDEP_TRUE=''
AMTAR='$${TAR-tar}'
AM_BACKSLASH='\'
AM_DEFAULT_V='$(AM_DEFAULT_VERBOSITY)'
AM_DEFAULT_VERBOSITY='0'
AM_V='$(V)'
AR='ar'
AS='as'
AUTOCONF='${SHELL} '\''/home/mtam/tamvm/SDK_rk3506/hello/libmodbus/build-aux/missing'\'' autoconf'
AUTOHEADER='${SHELL} '\''/home/mtam/tamvm/SDK_rk3506/hello/libmodbus/build-aux/missing'\'' autoheader'
AUTOMAKE='${SHELL} '\''/home/mtam/tamvm/SDK_rk3506/hello/libmodbus/build-aux/missing'\'' automake-1.17'
AWK='mawk'
BUILD_TESTS_FALSE='#'
BUILD_TESTS_TRUE=''
CC='/home/mtam/tamvm/SDK_rk3506/rk3506_linux6.1_rkr4_v1/prebuilts/gcc/linux-x86/arm/gcc-arm-10.3-2021.07-x86_64-arm-none-linux-gnueabihf/bin/arm-none-linux-gnueabihf-gcc'
CCDEPMODE='depmode=gcc3'
CFLAGS='-O2'
CPPFLAGS=''
CSCOPE='cscope'
CTAGS='ctags'
CXX='g++'
CXXCPP='g++ -E'
CXXDEPMODE='depmode=gcc3'
CXXFLAGS='-O2'
CYGPATH_W='echo'
DEFS='-DHAVE_CONFIG_H'
DEPDIR='.deps'
DLLTOOL='false'
DSYMUTIL=''
DUMPBIN=':'
ECHO_C=''
ECHO_N='-n'
ECHO_T=''
EGREP='/usr/bin/grep -E'
ETAGS='etags'
EXEEXT=''
FGREP='/usr/bin/grep -F'
FILECMD='file'
GREP='/usr/bin/grep'
INSTALL_DATA='${INSTALL} -m 644'
INSTALL_PROGRAM='${INSTALL}'
INSTALL_SCRIPT='${INSTALL}'
INSTALL_STRIP_PROGRAM='$(install_sh) -c -s'
LD='/home/mtam/tamvm/SDK_rk3506/rk3506_linux6.1_rkr4_v1/prebuilts/gcc/linux-x86/arm/gcc-arm-10.3-2021.07-x86_64-arm-none-linux-gnueabihf/arm-none-linux-gnueabihf/bin/ld'
LDFLAGS=''
LIBMODBUS_LT_VERSION_INFO='6:0:1'
LIBMODBUS_VERSION='3.1.11'
LIBMODBUS_VERSION_MAJOR='3'
LIBMODBUS_VERSION_MICRO='11'
LIBMODBUS_VERSION_MINOR='1'
LIBOBJS=''
LIBS=''
LIBTOOL='$(SHELL) $(top_builddir)/libtool'
LIPO=''
LN_S='ln -s'
LTLIBOBJS=''
LT_SYS_LIBRARY_PATH=''
MAKEINFO='${SHELL} '\''/home/mtam/tamvm/SDK_rk3506/hello/libmodbus/build-aux/missing'\'' makeinfo'
MANIFEST_TOOL=':'
MKDIR_P='/usr/bin/mkdir -p'
NM='nm'
NMEDIT=''
OBJDUMP='objdump'
OBJEXT='o'
OS_QNX_FALSE=''
OS_QNX_TRUE='#'
OS_WIN32_FALSE=''
OS_WIN32_TRUE='#'
OTOOL64=''
OTOOL=''
PACKAGE='libmodbus'
PACKAGE_BUGREPORT='https://github.com/stephane/libmodbus/issues'
PACKAGE_NAME='libmodbus'
PACKAGE_STRING='libmodbus 3.1.11'
PACKAGE_TARNAME='libmodbus'
PACKAGE_URL='http://libmodbus.org/'
PACKAGE_VERSION='3.1.11'
PATH_SEPARATOR=':'
RANLIB='ranlib'
SED='/usr/bin/sed'
SET_MAKE=''
SHELL='/bin/bash'
STRIP='strip'
VERSION='3.1.11'
WARNING_CFLAGS='-Wall -Wmissing-declarations -Wmissing-prototypes -Wnested-externs -Wpointer-arith -Wsign-compare -Wchar-subscripts -Wstrict-prototypes -Wshadow -Wformat-security'
ac_ct_AR='ar'
ac_ct_CC=''
ac_ct_CXX='g++'
ac_ct_DUMPBIN='link -dump'
am__EXEEXT_FALSE=''
am__EXEEXT_TRUE='#'
am__fastdepCC_FALSE='#'
am__fastdepCC_TRUE=''
am__fastdepCXX_FALSE='#'
am__fastdepCXX_TRUE=''
am__include='include'
am__isrc=''
am__leading_dot='.'
am__nodep='_no'
am__quote=''
am__rm_f_notfound=''
am__tar='tar --format=posix -chf - "$$tardir"'
am__untar='tar -xf -'
am__xargs_n='xargs -n'
bindir='${exec_prefix}/bin'
build='x86_64-pc-linux-gnu'
build_alias=''
build_cpu='x86_64'
build_os='linux-gnu'
build_vendor='pc'
datadir='${datarootdir}'
datarootdir='${prefix}/share'
docdir='${datarootdir}/doc/${PACKAGE_TARNAME}'
dvidir='${docdir}'
exec_prefix='${prefix}'
host='arm-none-linux-gnueabihf'
host_alias='arm-none-linux-gnueabihf'
host_cpu='arm'
host_os='linux-gnueabihf'
host_vendor='none'
htmldir='${docdir}'
includedir='${prefix}/include'
infodir='${datarootdir}/info'
install_sh='${SHELL} /home/mtam/tamvm/SDK_rk3506/hello/libmodbus/build-aux/install-sh'
libdir='${exec_prefix}/lib'
libexecdir='${exec_prefix}/libexec'
localedir='${datarootdir}/locale'
localstatedir='${prefix}/var'
mandir='${datarootdir}/man'
mkdir_p='$(MKDIR_P)'
oldincludedir='/usr/include'
pdfdir='${docdir}'
prefix='/home/mtam/tamvm/SDK_rk3506/hello/libmodbus/build'
program_transform_name='s,x,x,'
psdir='${docdir}'
runstatedir='${localstatedir}/run'
sbindir='${exec_prefix}/sbin'
sharedstatedir='${prefix}/com'
sysconfdir='${prefix}/etc'
target_alias=''

## ----------- ##
## confdefs.h. ##
## ----------- ##

/* confdefs.h */
#define PACKAGE_NAME "libmodbus"
#define PACKAGE_TARNAME "libmodbus"
#define PACKAGE_VERSION "3.1.11"
#define PACKAGE_STRING "libmodbus 3.1.11"
#define PACKAGE_BUGREPORT "https://github.com/stephane/libmodbus/issues"
#define PACKAGE_URL "http://libmodbus.org/"
#define PACKAGE "libmodbus"
#define VERSION "3.1.11"
#define HAVE_STDIO_H 1
#define HAVE_STDLIB_H 1
#define HAVE_STRING_H 1
#define HAVE_INTTYPES_H 1
#define HAVE_STDINT_H 1
#define HAVE_STRINGS_H 1
#define HAVE_SYS_STAT_H 1
#define HAVE_SYS_TYPES_H 1
#define HAVE_UNISTD_H 1
#define HAVE_WCHAR_H 1
#define STDC_HEADERS 1
#define _ALL_SOURCE 1
#define _DARWIN_C_SOURCE 1
#define _GNU_SOURCE 1
#define _HPUX_ALT_XOPEN_SOCKET_API 1
#define _NETBSD_SOURCE 1
#define _OPENBSD_SOURCE 1
#define _POSIX_PTHREAD_SEMANTICS 1
#define __STDC_WANT_IEC_60559_ATTRIBS_EXT__ 1
#define __STDC_WANT_IEC_60559_BFP_EXT__ 1
#define __STDC_WANT_IEC_60559_DFP_EXT__ 1
#define __STDC_WANT_IEC_60559_EXT__ 1
#define __STDC_WANT_IEC_60559_FUNCS_EXT__ 1
#define __STDC_WANT_IEC_60559_TYPES_EXT__ 1
#define __STDC_WANT_LIB_EXT2__ 1
#define __STDC_WANT_MATH_SPEC_FUNCS__ 1
#define _TANDEM_SOURCE 1
#define __EXTENSIONS__ 1
#define _FILE_OFFSET_BITS 64
#define HAVE_DLFCN_H 1
#define LT_OBJDIR ".libs/"
#define HAVE_ARPA_INET_H 1
#define HAVE_BYTESWAP_H 1
#define HAVE_ERRNO_H 1
#define HAVE_FCNTL_H 1
#define HAVE_LIMITS_H 1
#define HAVE_LINUX_SERIAL_H 1
#define HAVE_NETDB_H 1
#define HAVE_NETINET_IN_H 1
#define HAVE_NETINET_IP_H 1
#define HAVE_NETINET_TCP_H 1
#define HAVE_SYS_IOCTL_H 1
#define HAVE_SYS_SOCKET_H 1
#define HAVE_SYS_TIME_H 1
#define HAVE_SYS_TYPES_H 1
#define HAVE_TERMIOS_H 1
#define HAVE_TIME_H 1
#define HAVE_UNISTD_H 1
#define HAVE_DECL___CYGWIN__ 0
#define HAVE_ACCEPT4 1
#define HAVE_GAI_STRERROR 1
#define HAVE_GETADDRINFO 1
#define HAVE_GETTIMEOFDAY 1
#define HAVE_INET_PTON 1
#define HAVE_INET_NTOP 1
#define HAVE_SELECT 1
#define HAVE_SOCKET 1
#define HAVE_STRERROR 1
#define WINVER 0x0501
#define HAVE_DECL_TIOCSRS485 1
#define HAVE_DECL_TIOCM_RTS 1

configure: exit 0
